X:\DROPBOX\SGM\SGM\SGM\SIMPLE-DEBUG\VC110.PDB
X:\DROPBOX\SGM\SGM\SIMPLE-DEBUG\SGM.EXE
X:\DROPBOX\SGM\SGM\SIMPLE-DEBUG\SGM.PDB
X:\Dropbox\SGM\sgm\sgm\simple-debug\main.obj
X:\Dropbox\SGM\sgm\sgm\simple-debug\cl.command.1.tlog
X:\Dropbox\SGM\sgm\sgm\simple-debug\CL.read.1.tlog
X:\Dropbox\SGM\sgm\sgm\simple-debug\CL.write.1.tlog
X:\Dropbox\SGM\sgm\sgm\simple-debug\link.1012-cvtres.read.1.tlog
X:\Dropbox\SGM\sgm\sgm\simple-debug\link.1012-cvtres.write.1.tlog
X:\Dropbox\SGM\sgm\sgm\simple-debug\link.1012-rc.read.1.tlog
X:\Dropbox\SGM\sgm\sgm\simple-debug\link.1012-rc.write.1.tlog
X:\Dropbox\SGM\sgm\sgm\simple-debug\link.1012.read.1.tlog
X:\Dropbox\SGM\sgm\sgm\simple-debug\link.1012.write.1.tlog
X:\Dropbox\SGM\sgm\sgm\simple-debug\link.1056-cvtres.read.1.tlog
X:\Dropbox\SGM\sgm\sgm\simple-debug\link.1056-cvtres.write.1.tlog
X:\Dropbox\SGM\sgm\sgm\simple-debug\link.1056-rc.read.1.tlog
X:\Dropbox\SGM\sgm\sgm\simple-debug\link.1056-rc.write.1.tlog
X:\Dropbox\SGM\sgm\sgm\simple-debug\link.1056.read.1.tlog
X:\Dropbox\SGM\sgm\sgm\simple-debug\link.1056.write.1.tlog
X:\Dropbox\SGM\sgm\sgm\simple-debug\link.1072-cvtres.read.1.tlog
X:\Dropbox\SGM\sgm\sgm\simple-debug\link.1072-cvtres.write.1.tlog
X:\Dropbox\SGM\sgm\sgm\simple-debug\link.1072-rc.read.1.tlog
X:\Dropbox\SGM\sgm\sgm\simple-debug\link.1072-rc.write.1.tlog
X:\Dropbox\SGM\sgm\sgm\simple-debug\link.1072.read.1.tlog
X:\Dropbox\SGM\sgm\sgm\simple-debug\link.1072.write.1.tlog
X:\Dropbox\SGM\sgm\sgm\simple-debug\link.1252-cvtres.read.1.tlog
X:\Dropbox\SGM\sgm\sgm\simple-debug\link.1252-cvtres.write.1.tlog
X:\Dropbox\SGM\sgm\sgm\simple-debug\link.1252-rc.read.1.tlog
X:\Dropbox\SGM\sgm\sgm\simple-debug\link.1252-rc.write.1.tlog
X:\Dropbox\SGM\sgm\sgm\simple-debug\link.1252.read.1.tlog
X:\Dropbox\SGM\sgm\sgm\simple-debug\link.1252.write.1.tlog
X:\Dropbox\SGM\sgm\sgm\simple-debug\link.1468-cvtres.read.1.tlog
X:\Dropbox\SGM\sgm\sgm\simple-debug\link.1468-cvtres.write.1.tlog
X:\Dropbox\SGM\sgm\sgm\simple-debug\link.1468-rc.read.1.tlog
X:\Dropbox\SGM\sgm\sgm\simple-debug\link.1468-rc.write.1.tlog
X:\Dropbox\SGM\sgm\sgm\simple-debug\link.1468.read.1.tlog
X:\Dropbox\SGM\sgm\sgm\simple-debug\link.1468.write.1.tlog
X:\Dropbox\SGM\sgm\sgm\simple-debug\link.1472-cvtres.read.1.tlog
X:\Dropbox\SGM\sgm\sgm\simple-debug\link.1472-cvtres.write.1.tlog
X:\Dropbox\SGM\sgm\sgm\simple-debug\link.1472-rc.read.1.tlog
X:\Dropbox\SGM\sgm\sgm\simple-debug\link.1472-rc.write.1.tlog
X:\Dropbox\SGM\sgm\sgm\simple-debug\link.1472.read.1.tlog
X:\Dropbox\SGM\sgm\sgm\simple-debug\link.1472.write.1.tlog
X:\Dropbox\SGM\sgm\sgm\simple-debug\link.1508-cvtres.read.1.tlog
X:\Dropbox\SGM\sgm\sgm\simple-debug\link.1508-cvtres.write.1.tlog
X:\Dropbox\SGM\sgm\sgm\simple-debug\link.1508-rc.read.1.tlog
X:\Dropbox\SGM\sgm\sgm\simple-debug\link.1508-rc.write.1.tlog
X:\Dropbox\SGM\sgm\sgm\simple-debug\link.1508.read.1.tlog
X:\Dropbox\SGM\sgm\sgm\simple-debug\link.1508.write.1.tlog
X:\Dropbox\SGM\sgm\sgm\simple-debug\link.1520-cvtres.read.1.tlog
X:\Dropbox\SGM\sgm\sgm\simple-debug\link.1520-cvtres.write.1.tlog
X:\Dropbox\SGM\sgm\sgm\simple-debug\link.1520-rc.read.1.tlog
X:\Dropbox\SGM\sgm\sgm\simple-debug\link.1520-rc.write.1.tlog
X:\Dropbox\SGM\sgm\sgm\simple-debug\link.1520.read.1.tlog
X:\Dropbox\SGM\sgm\sgm\simple-debug\link.1520.write.1.tlog
X:\Dropbox\SGM\sgm\sgm\simple-debug\link.1528-cvtres.read.1.tlog
X:\Dropbox\SGM\sgm\sgm\simple-debug\link.1528-cvtres.write.1.tlog
X:\Dropbox\SGM\sgm\sgm\simple-debug\link.1528-rc.read.1.tlog
X:\Dropbox\SGM\sgm\sgm\simple-debug\link.1528-rc.write.1.tlog
X:\Dropbox\SGM\sgm\sgm\simple-debug\link.1528.read.1.tlog
X:\Dropbox\SGM\sgm\sgm\simple-debug\link.1528.write.1.tlog
X:\Dropbox\SGM\sgm\sgm\simple-debug\link.1580-cvtres.read.1.tlog
X:\Dropbox\SGM\sgm\sgm\simple-debug\link.1580-cvtres.write.1.tlog
X:\Dropbox\SGM\sgm\sgm\simple-debug\link.1580-rc.read.1.tlog
X:\Dropbox\SGM\sgm\sgm\simple-debug\link.1580-rc.write.1.tlog
X:\Dropbox\SGM\sgm\sgm\simple-debug\link.1580.read.1.tlog
X:\Dropbox\SGM\sgm\sgm\simple-debug\link.1580.write.1.tlog
X:\Dropbox\SGM\sgm\sgm\simple-debug\link.1632-cvtres.read.1.tlog
X:\Dropbox\SGM\sgm\sgm\simple-debug\link.1632-cvtres.write.1.tlog
X:\Dropbox\SGM\sgm\sgm\simple-debug\link.1632-rc.read.1.tlog
X:\Dropbox\SGM\sgm\sgm\simple-debug\link.1632-rc.write.1.tlog
X:\Dropbox\SGM\sgm\sgm\simple-debug\link.1632.read.1.tlog
X:\Dropbox\SGM\sgm\sgm\simple-debug\link.1632.write.1.tlog
X:\Dropbox\SGM\sgm\sgm\simple-debug\link.1712-cvtres.read.1.tlog
X:\Dropbox\SGM\sgm\sgm\simple-debug\link.1712-cvtres.write.1.tlog
X:\Dropbox\SGM\sgm\sgm\simple-debug\link.1712-rc.read.1.tlog
X:\Dropbox\SGM\sgm\sgm\simple-debug\link.1712-rc.write.1.tlog
X:\Dropbox\SGM\sgm\sgm\simple-debug\link.1712.read.1.tlog
X:\Dropbox\SGM\sgm\sgm\simple-debug\link.1712.write.1.tlog
X:\Dropbox\SGM\sgm\sgm\simple-debug\link.1800-cvtres.read.1.tlog
X:\Dropbox\SGM\sgm\sgm\simple-debug\link.1800-cvtres.write.1.tlog
X:\Dropbox\SGM\sgm\sgm\simple-debug\link.1800-rc.read.1.tlog
X:\Dropbox\SGM\sgm\sgm\simple-debug\link.1800-rc.write.1.tlog
X:\Dropbox\SGM\sgm\sgm\simple-debug\link.1800.read.1.tlog
X:\Dropbox\SGM\sgm\sgm\simple-debug\link.1800.read.4.tlog
X:\Dropbox\SGM\sgm\sgm\simple-debug\link.1800.write.1.tlog
X:\Dropbox\SGM\sgm\sgm\simple-debug\link.1884-cvtres.read.1.tlog
X:\Dropbox\SGM\sgm\sgm\simple-debug\link.1884-cvtres.write.1.tlog
X:\Dropbox\SGM\sgm\sgm\simple-debug\link.1884-rc.read.1.tlog
X:\Dropbox\SGM\sgm\sgm\simple-debug\link.1884-rc.write.1.tlog
X:\Dropbox\SGM\sgm\sgm\simple-debug\link.1884.read.1.tlog
X:\Dropbox\SGM\sgm\sgm\simple-debug\link.1884.write.1.tlog
X:\Dropbox\SGM\sgm\sgm\simple-debug\link.1888-cvtres.read.1.tlog
X:\Dropbox\SGM\sgm\sgm\simple-debug\link.1888-cvtres.write.1.tlog
X:\Dropbox\SGM\sgm\sgm\simple-debug\link.1888-rc.read.1.tlog
X:\Dropbox\SGM\sgm\sgm\simple-debug\link.1888-rc.write.1.tlog
X:\Dropbox\SGM\sgm\sgm\simple-debug\link.1888.read.1.tlog
X:\Dropbox\SGM\sgm\sgm\simple-debug\link.1888.write.1.tlog
X:\Dropbox\SGM\sgm\sgm\simple-debug\link.1896-cvtres.read.1.tlog
X:\Dropbox\SGM\sgm\sgm\simple-debug\link.1896-cvtres.write.1.tlog
X:\Dropbox\SGM\sgm\sgm\simple-debug\link.1896-rc.read.1.tlog
X:\Dropbox\SGM\sgm\sgm\simple-debug\link.1896-rc.write.1.tlog
X:\Dropbox\SGM\sgm\sgm\simple-debug\link.1896.read.1.tlog
X:\Dropbox\SGM\sgm\sgm\simple-debug\link.1896.write.1.tlog
X:\Dropbox\SGM\sgm\sgm\simple-debug\link.1952-cvtres.read.1.tlog
X:\Dropbox\SGM\sgm\sgm\simple-debug\link.1952-cvtres.write.1.tlog
X:\Dropbox\SGM\sgm\sgm\simple-debug\link.1952-rc.read.1.tlog
X:\Dropbox\SGM\sgm\sgm\simple-debug\link.1952-rc.write.1.tlog
X:\Dropbox\SGM\sgm\sgm\simple-debug\link.1952.read.1.tlog
X:\Dropbox\SGM\sgm\sgm\simple-debug\link.1952.write.1.tlog
X:\Dropbox\SGM\sgm\sgm\simple-debug\link.196-cvtres.read.1.tlog
X:\Dropbox\SGM\sgm\sgm\simple-debug\link.196-cvtres.write.1.tlog
X:\Dropbox\SGM\sgm\sgm\simple-debug\link.196-rc.read.1.tlog
X:\Dropbox\SGM\sgm\sgm\simple-debug\link.196-rc.write.1.tlog
X:\Dropbox\SGM\sgm\sgm\simple-debug\link.196.read.1.tlog
X:\Dropbox\SGM\sgm\sgm\simple-debug\link.196.write.1.tlog
X:\Dropbox\SGM\sgm\sgm\simple-debug\link.2004-cvtres.read.1.tlog
X:\Dropbox\SGM\sgm\sgm\simple-debug\link.2004-cvtres.write.1.tlog
X:\Dropbox\SGM\sgm\sgm\simple-debug\link.2004-rc.read.1.tlog
X:\Dropbox\SGM\sgm\sgm\simple-debug\link.2004-rc.write.1.tlog
X:\Dropbox\SGM\sgm\sgm\simple-debug\link.2004.read.1.tlog
X:\Dropbox\SGM\sgm\sgm\simple-debug\link.2004.write.1.tlog
X:\Dropbox\SGM\sgm\sgm\simple-debug\link.2016-cvtres.read.1.tlog
X:\Dropbox\SGM\sgm\sgm\simple-debug\link.2016-cvtres.write.1.tlog
X:\Dropbox\SGM\sgm\sgm\simple-debug\link.2016-rc.read.1.tlog
X:\Dropbox\SGM\sgm\sgm\simple-debug\link.2016-rc.write.1.tlog
X:\Dropbox\SGM\sgm\sgm\simple-debug\link.2016.read.1.tlog
X:\Dropbox\SGM\sgm\sgm\simple-debug\link.2016.write.1.tlog
X:\Dropbox\SGM\sgm\sgm\simple-debug\link.2076-cvtres.read.1.tlog
X:\Dropbox\SGM\sgm\sgm\simple-debug\link.2076-cvtres.write.1.tlog
X:\Dropbox\SGM\sgm\sgm\simple-debug\link.2076-rc.read.1.tlog
X:\Dropbox\SGM\sgm\sgm\simple-debug\link.2076-rc.write.1.tlog
X:\Dropbox\SGM\sgm\sgm\simple-debug\link.2076.read.1.tlog
X:\Dropbox\SGM\sgm\sgm\simple-debug\link.2076.write.1.tlog
X:\Dropbox\SGM\sgm\sgm\simple-debug\link.208-cvtres.read.1.tlog
X:\Dropbox\SGM\sgm\sgm\simple-debug\link.208-cvtres.write.1.tlog
X:\Dropbox\SGM\sgm\sgm\simple-debug\link.208-rc.read.1.tlog
X:\Dropbox\SGM\sgm\sgm\simple-debug\link.208-rc.write.1.tlog
X:\Dropbox\SGM\sgm\sgm\simple-debug\link.208.read.1.tlog
X:\Dropbox\SGM\sgm\sgm\simple-debug\link.208.write.1.tlog
X:\Dropbox\SGM\sgm\sgm\simple-debug\link.2112-cvtres.read.1.tlog
X:\Dropbox\SGM\sgm\sgm\simple-debug\link.2112-cvtres.write.1.tlog
X:\Dropbox\SGM\sgm\sgm\simple-debug\link.2112-rc.read.1.tlog
X:\Dropbox\SGM\sgm\sgm\simple-debug\link.2112-rc.write.1.tlog
X:\Dropbox\SGM\sgm\sgm\simple-debug\link.2112.read.1.tlog
X:\Dropbox\SGM\sgm\sgm\simple-debug\link.2112.write.1.tlog
X:\Dropbox\SGM\sgm\sgm\simple-debug\link.2156-cvtres.read.1.tlog
X:\Dropbox\SGM\sgm\sgm\simple-debug\link.2156-cvtres.write.1.tlog
X:\Dropbox\SGM\sgm\sgm\simple-debug\link.2156-rc.read.1.tlog
X:\Dropbox\SGM\sgm\sgm\simple-debug\link.2156-rc.write.1.tlog
X:\Dropbox\SGM\sgm\sgm\simple-debug\link.2156.read.1.tlog
X:\Dropbox\SGM\sgm\sgm\simple-debug\link.2156.write.1.tlog
X:\Dropbox\SGM\sgm\sgm\simple-debug\link.2200-cvtres.read.1.tlog
X:\Dropbox\SGM\sgm\sgm\simple-debug\link.2200-cvtres.write.1.tlog
X:\Dropbox\SGM\sgm\sgm\simple-debug\link.2200-rc.read.1.tlog
X:\Dropbox\SGM\sgm\sgm\simple-debug\link.2200-rc.write.1.tlog
X:\Dropbox\SGM\sgm\sgm\simple-debug\link.2200.read.1.tlog
X:\Dropbox\SGM\sgm\sgm\simple-debug\link.2200.write.1.tlog
X:\Dropbox\SGM\sgm\sgm\simple-debug\link.2228-cvtres.read.1.tlog
X:\Dropbox\SGM\sgm\sgm\simple-debug\link.2228-cvtres.write.1.tlog
X:\Dropbox\SGM\sgm\sgm\simple-debug\link.2228-rc.read.1.tlog
X:\Dropbox\SGM\sgm\sgm\simple-debug\link.2228-rc.write.1.tlog
X:\Dropbox\SGM\sgm\sgm\simple-debug\link.2228.read.1.tlog
X:\Dropbox\SGM\sgm\sgm\simple-debug\link.2228.write.1.tlog
X:\Dropbox\SGM\sgm\sgm\simple-debug\link.2240-cvtres.read.1.tlog
X:\Dropbox\SGM\sgm\sgm\simple-debug\link.2240-cvtres.write.1.tlog
X:\Dropbox\SGM\sgm\sgm\simple-debug\link.2240-rc.read.1.tlog
X:\Dropbox\SGM\sgm\sgm\simple-debug\link.2240-rc.write.1.tlog
X:\Dropbox\SGM\sgm\sgm\simple-debug\link.2240.read.1.tlog
X:\Dropbox\SGM\sgm\sgm\simple-debug\link.2240.write.1.tlog
X:\Dropbox\SGM\sgm\sgm\simple-debug\link.2284-cvtres.read.1.tlog
X:\Dropbox\SGM\sgm\sgm\simple-debug\link.2284-cvtres.write.1.tlog
X:\Dropbox\SGM\sgm\sgm\simple-debug\link.2284-rc.read.1.tlog
X:\Dropbox\SGM\sgm\sgm\simple-debug\link.2284-rc.write.1.tlog
X:\Dropbox\SGM\sgm\sgm\simple-debug\link.2284.read.1.tlog
X:\Dropbox\SGM\sgm\sgm\simple-debug\link.2284.write.1.tlog
X:\Dropbox\SGM\sgm\sgm\simple-debug\link.2288-cvtres.read.1.tlog
X:\Dropbox\SGM\sgm\sgm\simple-debug\link.2288-cvtres.write.1.tlog
X:\Dropbox\SGM\sgm\sgm\simple-debug\link.2288-rc.read.1.tlog
X:\Dropbox\SGM\sgm\sgm\simple-debug\link.2288-rc.write.1.tlog
X:\Dropbox\SGM\sgm\sgm\simple-debug\link.2288.read.1.tlog
X:\Dropbox\SGM\sgm\sgm\simple-debug\link.2288.write.1.tlog
X:\Dropbox\SGM\sgm\sgm\simple-debug\link.2292-cvtres.read.1.tlog
X:\Dropbox\SGM\sgm\sgm\simple-debug\link.2292-cvtres.write.1.tlog
X:\Dropbox\SGM\sgm\sgm\simple-debug\link.2292-rc.read.1.tlog
X:\Dropbox\SGM\sgm\sgm\simple-debug\link.2292-rc.write.1.tlog
X:\Dropbox\SGM\sgm\sgm\simple-debug\link.2292.read.1.tlog
X:\Dropbox\SGM\sgm\sgm\simple-debug\link.2292.write.1.tlog
X:\Dropbox\SGM\sgm\sgm\simple-debug\link.2324-cvtres.read.1.tlog
X:\Dropbox\SGM\sgm\sgm\simple-debug\link.2324-cvtres.write.1.tlog
X:\Dropbox\SGM\sgm\sgm\simple-debug\link.2324-rc.read.1.tlog
X:\Dropbox\SGM\sgm\sgm\simple-debug\link.2324-rc.write.1.tlog
X:\Dropbox\SGM\sgm\sgm\simple-debug\link.2324.read.1.tlog
X:\Dropbox\SGM\sgm\sgm\simple-debug\link.2324.write.1.tlog
X:\Dropbox\SGM\sgm\sgm\simple-debug\link.2348-cvtres.read.1.tlog
X:\Dropbox\SGM\sgm\sgm\simple-debug\link.2348-cvtres.write.1.tlog
X:\Dropbox\SGM\sgm\sgm\simple-debug\link.2348-rc.read.1.tlog
X:\Dropbox\SGM\sgm\sgm\simple-debug\link.2348-rc.write.1.tlog
X:\Dropbox\SGM\sgm\sgm\simple-debug\link.2348.read.1.tlog
X:\Dropbox\SGM\sgm\sgm\simple-debug\link.2348.write.1.tlog
X:\Dropbox\SGM\sgm\sgm\simple-debug\link.2364-cvtres.read.1.tlog
X:\Dropbox\SGM\sgm\sgm\simple-debug\link.2364-cvtres.write.1.tlog
X:\Dropbox\SGM\sgm\sgm\simple-debug\link.2364-rc.read.1.tlog
X:\Dropbox\SGM\sgm\sgm\simple-debug\link.2364-rc.write.1.tlog
X:\Dropbox\SGM\sgm\sgm\simple-debug\link.2364.read.1.tlog
X:\Dropbox\SGM\sgm\sgm\simple-debug\link.2364.write.1.tlog
X:\Dropbox\SGM\sgm\sgm\simple-debug\link.2464-cvtres.read.1.tlog
X:\Dropbox\SGM\sgm\sgm\simple-debug\link.2464-cvtres.write.1.tlog
X:\Dropbox\SGM\sgm\sgm\simple-debug\link.2464-rc.read.1.tlog
X:\Dropbox\SGM\sgm\sgm\simple-debug\link.2464-rc.write.1.tlog
X:\Dropbox\SGM\sgm\sgm\simple-debug\link.2464.read.1.tlog
X:\Dropbox\SGM\sgm\sgm\simple-debug\link.2464.write.1.tlog
X:\Dropbox\SGM\sgm\sgm\simple-debug\link.2476-cvtres.read.1.tlog
X:\Dropbox\SGM\sgm\sgm\simple-debug\link.2476-cvtres.write.1.tlog
X:\Dropbox\SGM\sgm\sgm\simple-debug\link.2476-rc.read.1.tlog
X:\Dropbox\SGM\sgm\sgm\simple-debug\link.2476-rc.write.1.tlog
X:\Dropbox\SGM\sgm\sgm\simple-debug\link.2476.read.1.tlog
X:\Dropbox\SGM\sgm\sgm\simple-debug\link.2476.write.1.tlog
X:\Dropbox\SGM\sgm\sgm\simple-debug\link.264-cvtres.read.1.tlog
X:\Dropbox\SGM\sgm\sgm\simple-debug\link.264-cvtres.write.1.tlog
X:\Dropbox\SGM\sgm\sgm\simple-debug\link.264-rc.read.1.tlog
X:\Dropbox\SGM\sgm\sgm\simple-debug\link.264-rc.write.1.tlog
X:\Dropbox\SGM\sgm\sgm\simple-debug\link.264.read.1.tlog
X:\Dropbox\SGM\sgm\sgm\simple-debug\link.264.write.1.tlog
X:\Dropbox\SGM\sgm\sgm\simple-debug\link.2676-cvtres.read.1.tlog
X:\Dropbox\SGM\sgm\sgm\simple-debug\link.2676-cvtres.write.1.tlog
X:\Dropbox\SGM\sgm\sgm\simple-debug\link.2676-rc.read.1.tlog
X:\Dropbox\SGM\sgm\sgm\simple-debug\link.2676-rc.write.1.tlog
X:\Dropbox\SGM\sgm\sgm\simple-debug\link.2676.read.1.tlog
X:\Dropbox\SGM\sgm\sgm\simple-debug\link.2676.write.1.tlog
X:\Dropbox\SGM\sgm\sgm\simple-debug\link.2784-cvtres.read.1.tlog
X:\Dropbox\SGM\sgm\sgm\simple-debug\link.2784-cvtres.write.1.tlog
X:\Dropbox\SGM\sgm\sgm\simple-debug\link.2784-rc.read.1.tlog
X:\Dropbox\SGM\sgm\sgm\simple-debug\link.2784-rc.write.1.tlog
X:\Dropbox\SGM\sgm\sgm\simple-debug\link.2784.read.1.tlog
X:\Dropbox\SGM\sgm\sgm\simple-debug\link.2784.write.1.tlog
X:\Dropbox\SGM\sgm\sgm\simple-debug\link.2812-cvtres.read.1.tlog
X:\Dropbox\SGM\sgm\sgm\simple-debug\link.2812-cvtres.write.1.tlog
X:\Dropbox\SGM\sgm\sgm\simple-debug\link.2812-rc.read.1.tlog
X:\Dropbox\SGM\sgm\sgm\simple-debug\link.2812-rc.write.1.tlog
X:\Dropbox\SGM\sgm\sgm\simple-debug\link.2812.read.1.tlog
X:\Dropbox\SGM\sgm\sgm\simple-debug\link.2812.write.1.tlog
X:\Dropbox\SGM\sgm\sgm\simple-debug\link.2916-cvtres.read.1.tlog
X:\Dropbox\SGM\sgm\sgm\simple-debug\link.2916-cvtres.write.1.tlog
X:\Dropbox\SGM\sgm\sgm\simple-debug\link.2916-rc.read.1.tlog
X:\Dropbox\SGM\sgm\sgm\simple-debug\link.2916-rc.write.1.tlog
X:\Dropbox\SGM\sgm\sgm\simple-debug\link.2916.read.1.tlog
X:\Dropbox\SGM\sgm\sgm\simple-debug\link.2916.write.1.tlog
X:\Dropbox\SGM\sgm\sgm\simple-debug\link.2920-cvtres.read.1.tlog
X:\Dropbox\SGM\sgm\sgm\simple-debug\link.2920-cvtres.write.1.tlog
X:\Dropbox\SGM\sgm\sgm\simple-debug\link.2920-rc.read.1.tlog
X:\Dropbox\SGM\sgm\sgm\simple-debug\link.2920-rc.write.1.tlog
X:\Dropbox\SGM\sgm\sgm\simple-debug\link.2920.read.1.tlog
X:\Dropbox\SGM\sgm\sgm\simple-debug\link.2920.write.1.tlog
X:\Dropbox\SGM\sgm\sgm\simple-debug\link.2924-cvtres.read.1.tlog
X:\Dropbox\SGM\sgm\sgm\simple-debug\link.2924-cvtres.write.1.tlog
X:\Dropbox\SGM\sgm\sgm\simple-debug\link.2924-rc.read.1.tlog
X:\Dropbox\SGM\sgm\sgm\simple-debug\link.2924-rc.write.1.tlog
X:\Dropbox\SGM\sgm\sgm\simple-debug\link.2924.read.1.tlog
X:\Dropbox\SGM\sgm\sgm\simple-debug\link.2924.write.1.tlog
X:\Dropbox\SGM\sgm\sgm\simple-debug\link.2940-cvtres.read.1.tlog
X:\Dropbox\SGM\sgm\sgm\simple-debug\link.2940-cvtres.write.1.tlog
X:\Dropbox\SGM\sgm\sgm\simple-debug\link.2940-rc.read.1.tlog
X:\Dropbox\SGM\sgm\sgm\simple-debug\link.2940-rc.write.1.tlog
X:\Dropbox\SGM\sgm\sgm\simple-debug\link.2940.read.1.tlog
X:\Dropbox\SGM\sgm\sgm\simple-debug\link.2940.write.1.tlog
X:\Dropbox\SGM\sgm\sgm\simple-debug\link.2944-cvtres.read.1.tlog
X:\Dropbox\SGM\sgm\sgm\simple-debug\link.2944-cvtres.write.1.tlog
X:\Dropbox\SGM\sgm\sgm\simple-debug\link.2944-rc.read.1.tlog
X:\Dropbox\SGM\sgm\sgm\simple-debug\link.2944-rc.write.1.tlog
X:\Dropbox\SGM\sgm\sgm\simple-debug\link.2944.read.1.tlog
X:\Dropbox\SGM\sgm\sgm\simple-debug\link.2944.write.1.tlog
X:\Dropbox\SGM\sgm\sgm\simple-debug\link.2960-cvtres.read.1.tlog
X:\Dropbox\SGM\sgm\sgm\simple-debug\link.2960-cvtres.write.1.tlog
X:\Dropbox\SGM\sgm\sgm\simple-debug\link.2960-rc.read.1.tlog
X:\Dropbox\SGM\sgm\sgm\simple-debug\link.2960-rc.write.1.tlog
X:\Dropbox\SGM\sgm\sgm\simple-debug\link.2960.read.1.tlog
X:\Dropbox\SGM\sgm\sgm\simple-debug\link.2960.write.1.tlog
X:\Dropbox\SGM\sgm\sgm\simple-debug\link.3048-cvtres.read.1.tlog
X:\Dropbox\SGM\sgm\sgm\simple-debug\link.3048-cvtres.write.1.tlog
X:\Dropbox\SGM\sgm\sgm\simple-debug\link.3048-rc.read.1.tlog
X:\Dropbox\SGM\sgm\sgm\simple-debug\link.3048-rc.write.1.tlog
X:\Dropbox\SGM\sgm\sgm\simple-debug\link.3048.read.1.tlog
X:\Dropbox\SGM\sgm\sgm\simple-debug\link.3048.write.1.tlog
X:\Dropbox\SGM\sgm\sgm\simple-debug\link.3068-cvtres.read.1.tlog
X:\Dropbox\SGM\sgm\sgm\simple-debug\link.3068-cvtres.write.1.tlog
X:\Dropbox\SGM\sgm\sgm\simple-debug\link.3068-rc.read.1.tlog
X:\Dropbox\SGM\sgm\sgm\simple-debug\link.3068-rc.write.1.tlog
X:\Dropbox\SGM\sgm\sgm\simple-debug\link.3068.read.1.tlog
X:\Dropbox\SGM\sgm\sgm\simple-debug\link.3068.write.1.tlog
X:\Dropbox\SGM\sgm\sgm\simple-debug\link.312-cvtres.read.1.tlog
X:\Dropbox\SGM\sgm\sgm\simple-debug\link.312-cvtres.write.1.tlog
X:\Dropbox\SGM\sgm\sgm\simple-debug\link.312-rc.read.1.tlog
X:\Dropbox\SGM\sgm\sgm\simple-debug\link.312-rc.write.1.tlog
X:\Dropbox\SGM\sgm\sgm\simple-debug\link.312.read.1.tlog
X:\Dropbox\SGM\sgm\sgm\simple-debug\link.312.write.1.tlog
X:\Dropbox\SGM\sgm\sgm\simple-debug\link.3180-cvtres.read.1.tlog
X:\Dropbox\SGM\sgm\sgm\simple-debug\link.3180-cvtres.write.1.tlog
X:\Dropbox\SGM\sgm\sgm\simple-debug\link.3180-rc.read.1.tlog
X:\Dropbox\SGM\sgm\sgm\simple-debug\link.3180-rc.write.1.tlog
X:\Dropbox\SGM\sgm\sgm\simple-debug\link.3180.read.1.tlog
X:\Dropbox\SGM\sgm\sgm\simple-debug\link.3180.write.1.tlog
X:\Dropbox\SGM\sgm\sgm\simple-debug\link.3200-cvtres.read.1.tlog
X:\Dropbox\SGM\sgm\sgm\simple-debug\link.3200-cvtres.write.1.tlog
X:\Dropbox\SGM\sgm\sgm\simple-debug\link.3200-rc.read.1.tlog
X:\Dropbox\SGM\sgm\sgm\simple-debug\link.3200-rc.write.1.tlog
X:\Dropbox\SGM\sgm\sgm\simple-debug\link.3200.read.1.tlog
X:\Dropbox\SGM\sgm\sgm\simple-debug\link.3200.write.1.tlog
X:\Dropbox\SGM\sgm\sgm\simple-debug\link.3228-cvtres.read.1.tlog
X:\Dropbox\SGM\sgm\sgm\simple-debug\link.3228-cvtres.write.1.tlog
X:\Dropbox\SGM\sgm\sgm\simple-debug\link.3228-rc.read.1.tlog
X:\Dropbox\SGM\sgm\sgm\simple-debug\link.3228-rc.write.1.tlog
X:\Dropbox\SGM\sgm\sgm\simple-debug\link.3228.read.1.tlog
X:\Dropbox\SGM\sgm\sgm\simple-debug\link.3228.write.1.tlog
X:\Dropbox\SGM\sgm\sgm\simple-debug\link.3296-cvtres.read.1.tlog
X:\Dropbox\SGM\sgm\sgm\simple-debug\link.3296-cvtres.write.1.tlog
X:\Dropbox\SGM\sgm\sgm\simple-debug\link.3296-rc.read.1.tlog
X:\Dropbox\SGM\sgm\sgm\simple-debug\link.3296-rc.write.1.tlog
X:\Dropbox\SGM\sgm\sgm\simple-debug\link.3296.read.1.tlog
X:\Dropbox\SGM\sgm\sgm\simple-debug\link.3296.write.1.tlog
X:\Dropbox\SGM\sgm\sgm\simple-debug\link.3308-cvtres.read.1.tlog
X:\Dropbox\SGM\sgm\sgm\simple-debug\link.3308-cvtres.write.1.tlog
X:\Dropbox\SGM\sgm\sgm\simple-debug\link.3308-rc.read.1.tlog
X:\Dropbox\SGM\sgm\sgm\simple-debug\link.3308-rc.write.1.tlog
X:\Dropbox\SGM\sgm\sgm\simple-debug\link.3308.read.1.tlog
X:\Dropbox\SGM\sgm\sgm\simple-debug\link.3308.write.1.tlog
X:\Dropbox\SGM\sgm\sgm\simple-debug\link.3372-cvtres.read.1.tlog
X:\Dropbox\SGM\sgm\sgm\simple-debug\link.3372-cvtres.write.1.tlog
X:\Dropbox\SGM\sgm\sgm\simple-debug\link.3372-rc.read.1.tlog
X:\Dropbox\SGM\sgm\sgm\simple-debug\link.3372-rc.write.1.tlog
X:\Dropbox\SGM\sgm\sgm\simple-debug\link.3372.read.1.tlog
X:\Dropbox\SGM\sgm\sgm\simple-debug\link.3372.write.1.tlog
X:\Dropbox\SGM\sgm\sgm\simple-debug\link.3376-cvtres.read.1.tlog
X:\Dropbox\SGM\sgm\sgm\simple-debug\link.3376-cvtres.write.1.tlog
X:\Dropbox\SGM\sgm\sgm\simple-debug\link.3376-rc.read.1.tlog
X:\Dropbox\SGM\sgm\sgm\simple-debug\link.3376-rc.write.1.tlog
X:\Dropbox\SGM\sgm\sgm\simple-debug\link.3376.read.1.tlog
X:\Dropbox\SGM\sgm\sgm\simple-debug\link.3376.write.1.tlog
X:\Dropbox\SGM\sgm\sgm\simple-debug\link.3424-cvtres.read.1.tlog
X:\Dropbox\SGM\sgm\sgm\simple-debug\link.3424-cvtres.write.1.tlog
X:\Dropbox\SGM\sgm\sgm\simple-debug\link.3424-rc.read.1.tlog
X:\Dropbox\SGM\sgm\sgm\simple-debug\link.3424-rc.write.1.tlog
X:\Dropbox\SGM\sgm\sgm\simple-debug\link.3424.read.1.tlog
X:\Dropbox\SGM\sgm\sgm\simple-debug\link.3424.write.1.tlog
X:\Dropbox\SGM\sgm\sgm\simple-debug\link.3432-cvtres.read.1.tlog
X:\Dropbox\SGM\sgm\sgm\simple-debug\link.3432-cvtres.write.1.tlog
X:\Dropbox\SGM\sgm\sgm\simple-debug\link.3432-rc.read.1.tlog
X:\Dropbox\SGM\sgm\sgm\simple-debug\link.3432-rc.write.1.tlog
X:\Dropbox\SGM\sgm\sgm\simple-debug\link.3432.read.1.tlog
X:\Dropbox\SGM\sgm\sgm\simple-debug\link.3432.write.1.tlog
X:\Dropbox\SGM\sgm\sgm\simple-debug\link.3440-cvtres.read.1.tlog
X:\Dropbox\SGM\sgm\sgm\simple-debug\link.3440-cvtres.write.1.tlog
X:\Dropbox\SGM\sgm\sgm\simple-debug\link.3440-rc.read.1.tlog
X:\Dropbox\SGM\sgm\sgm\simple-debug\link.3440-rc.write.1.tlog
X:\Dropbox\SGM\sgm\sgm\simple-debug\link.3440.read.1.tlog
X:\Dropbox\SGM\sgm\sgm\simple-debug\link.3440.write.1.tlog
X:\Dropbox\SGM\sgm\sgm\simple-debug\link.3504-cvtres.read.1.tlog
X:\Dropbox\SGM\sgm\sgm\simple-debug\link.3504-cvtres.write.1.tlog
X:\Dropbox\SGM\sgm\sgm\simple-debug\link.3504-rc.read.1.tlog
X:\Dropbox\SGM\sgm\sgm\simple-debug\link.3504-rc.write.1.tlog
X:\Dropbox\SGM\sgm\sgm\simple-debug\link.3504.read.1.tlog
X:\Dropbox\SGM\sgm\sgm\simple-debug\link.3504.write.1.tlog
X:\Dropbox\SGM\sgm\sgm\simple-debug\link.3636-cvtres.read.1.tlog
X:\Dropbox\SGM\sgm\sgm\simple-debug\link.3636-cvtres.write.1.tlog
X:\Dropbox\SGM\sgm\sgm\simple-debug\link.3636-rc.read.1.tlog
X:\Dropbox\SGM\sgm\sgm\simple-debug\link.3636-rc.write.1.tlog
X:\Dropbox\SGM\sgm\sgm\simple-debug\link.3636.read.1.tlog
X:\Dropbox\SGM\sgm\sgm\simple-debug\link.3636.write.1.tlog
X:\Dropbox\SGM\sgm\sgm\simple-debug\link.364-cvtres.read.1.tlog
X:\Dropbox\SGM\sgm\sgm\simple-debug\link.364-cvtres.write.1.tlog
X:\Dropbox\SGM\sgm\sgm\simple-debug\link.364-rc.read.1.tlog
X:\Dropbox\SGM\sgm\sgm\simple-debug\link.364-rc.write.1.tlog
X:\Dropbox\SGM\sgm\sgm\simple-debug\link.364.read.1.tlog
X:\Dropbox\SGM\sgm\sgm\simple-debug\link.364.write.1.tlog
X:\Dropbox\SGM\sgm\sgm\simple-debug\link.3644-cvtres.read.1.tlog
X:\Dropbox\SGM\sgm\sgm\simple-debug\link.3644-cvtres.write.1.tlog
X:\Dropbox\SGM\sgm\sgm\simple-debug\link.3644-rc.read.1.tlog
X:\Dropbox\SGM\sgm\sgm\simple-debug\link.3644-rc.write.1.tlog
X:\Dropbox\SGM\sgm\sgm\simple-debug\link.3644.read.1.tlog
X:\Dropbox\SGM\sgm\sgm\simple-debug\link.3644.write.1.tlog
X:\Dropbox\SGM\sgm\sgm\simple-debug\link.3672-cvtres.read.1.tlog
X:\Dropbox\SGM\sgm\sgm\simple-debug\link.3672-cvtres.write.1.tlog
X:\Dropbox\SGM\sgm\sgm\simple-debug\link.3672-rc.read.1.tlog
X:\Dropbox\SGM\sgm\sgm\simple-debug\link.3672-rc.write.1.tlog
X:\Dropbox\SGM\sgm\sgm\simple-debug\link.3672.read.1.tlog
X:\Dropbox\SGM\sgm\sgm\simple-debug\link.3672.write.1.tlog
X:\Dropbox\SGM\sgm\sgm\simple-debug\link.3708-cvtres.read.1.tlog
X:\Dropbox\SGM\sgm\sgm\simple-debug\link.3708-cvtres.write.1.tlog
X:\Dropbox\SGM\sgm\sgm\simple-debug\link.3708-rc.read.1.tlog
X:\Dropbox\SGM\sgm\sgm\simple-debug\link.3708-rc.write.1.tlog
X:\Dropbox\SGM\sgm\sgm\simple-debug\link.3708.read.1.tlog
X:\Dropbox\SGM\sgm\sgm\simple-debug\link.3708.write.1.tlog
X:\Dropbox\SGM\sgm\sgm\simple-debug\link.3728-cvtres.read.1.tlog
X:\Dropbox\SGM\sgm\sgm\simple-debug\link.3728-cvtres.write.1.tlog
X:\Dropbox\SGM\sgm\sgm\simple-debug\link.3728-rc.read.1.tlog
X:\Dropbox\SGM\sgm\sgm\simple-debug\link.3728-rc.write.1.tlog
X:\Dropbox\SGM\sgm\sgm\simple-debug\link.3728.read.1.tlog
X:\Dropbox\SGM\sgm\sgm\simple-debug\link.3728.write.1.tlog
X:\Dropbox\SGM\sgm\sgm\simple-debug\link.3740-cvtres.read.1.tlog
X:\Dropbox\SGM\sgm\sgm\simple-debug\link.3740-cvtres.write.1.tlog
X:\Dropbox\SGM\sgm\sgm\simple-debug\link.3740-rc.read.1.tlog
X:\Dropbox\SGM\sgm\sgm\simple-debug\link.3740-rc.write.1.tlog
X:\Dropbox\SGM\sgm\sgm\simple-debug\link.3740.read.1.tlog
X:\Dropbox\SGM\sgm\sgm\simple-debug\link.3740.write.1.tlog
X:\Dropbox\SGM\sgm\sgm\simple-debug\link.3752-cvtres.read.1.tlog
X:\Dropbox\SGM\sgm\sgm\simple-debug\link.3752-cvtres.write.1.tlog
X:\Dropbox\SGM\sgm\sgm\simple-debug\link.3752-rc.read.1.tlog
X:\Dropbox\SGM\sgm\sgm\simple-debug\link.3752-rc.write.1.tlog
X:\Dropbox\SGM\sgm\sgm\simple-debug\link.3752.read.1.tlog
X:\Dropbox\SGM\sgm\sgm\simple-debug\link.3752.write.1.tlog
X:\Dropbox\SGM\sgm\sgm\simple-debug\link.3940-cvtres.read.1.tlog
X:\Dropbox\SGM\sgm\sgm\simple-debug\link.3940-cvtres.write.1.tlog
X:\Dropbox\SGM\sgm\sgm\simple-debug\link.3940-rc.read.1.tlog
X:\Dropbox\SGM\sgm\sgm\simple-debug\link.3940-rc.write.1.tlog
X:\Dropbox\SGM\sgm\sgm\simple-debug\link.3940.read.1.tlog
X:\Dropbox\SGM\sgm\sgm\simple-debug\link.3940.write.1.tlog
X:\Dropbox\SGM\sgm\sgm\simple-debug\link.4076-cvtres.read.1.tlog
X:\Dropbox\SGM\sgm\sgm\simple-debug\link.4076-cvtres.write.1.tlog
X:\Dropbox\SGM\sgm\sgm\simple-debug\link.4076-rc.read.1.tlog
X:\Dropbox\SGM\sgm\sgm\simple-debug\link.4076-rc.write.1.tlog
X:\Dropbox\SGM\sgm\sgm\simple-debug\link.4076.read.1.tlog
X:\Dropbox\SGM\sgm\sgm\simple-debug\link.4076.write.1.tlog
X:\Dropbox\SGM\sgm\sgm\simple-debug\link.4160-cvtres.read.1.tlog
X:\Dropbox\SGM\sgm\sgm\simple-debug\link.4160-cvtres.write.1.tlog
X:\Dropbox\SGM\sgm\sgm\simple-debug\link.4160-rc.read.1.tlog
X:\Dropbox\SGM\sgm\sgm\simple-debug\link.4160-rc.write.1.tlog
X:\Dropbox\SGM\sgm\sgm\simple-debug\link.4160.read.1.tlog
X:\Dropbox\SGM\sgm\sgm\simple-debug\link.4160.write.1.tlog
X:\Dropbox\SGM\sgm\sgm\simple-debug\link.4168-cvtres.read.1.tlog
X:\Dropbox\SGM\sgm\sgm\simple-debug\link.4168-cvtres.write.1.tlog
X:\Dropbox\SGM\sgm\sgm\simple-debug\link.4168-rc.read.1.tlog
X:\Dropbox\SGM\sgm\sgm\simple-debug\link.4168-rc.write.1.tlog
X:\Dropbox\SGM\sgm\sgm\simple-debug\link.4168.read.1.tlog
X:\Dropbox\SGM\sgm\sgm\simple-debug\link.4168.write.1.tlog
X:\Dropbox\SGM\sgm\sgm\simple-debug\link.4264-cvtres.read.1.tlog
X:\Dropbox\SGM\sgm\sgm\simple-debug\link.4264-cvtres.write.1.tlog
X:\Dropbox\SGM\sgm\sgm\simple-debug\link.4264-rc.read.1.tlog
X:\Dropbox\SGM\sgm\sgm\simple-debug\link.4264-rc.write.1.tlog
X:\Dropbox\SGM\sgm\sgm\simple-debug\link.4264.read.1.tlog
X:\Dropbox\SGM\sgm\sgm\simple-debug\link.4264.write.1.tlog
X:\Dropbox\SGM\sgm\sgm\simple-debug\link.4304-cvtres.read.1.tlog
X:\Dropbox\SGM\sgm\sgm\simple-debug\link.4304-cvtres.write.1.tlog
X:\Dropbox\SGM\sgm\sgm\simple-debug\link.4304-rc.read.1.tlog
X:\Dropbox\SGM\sgm\sgm\simple-debug\link.4304-rc.write.1.tlog
X:\Dropbox\SGM\sgm\sgm\simple-debug\link.4304.read.1.tlog
X:\Dropbox\SGM\sgm\sgm\simple-debug\link.4304.write.1.tlog
X:\Dropbox\SGM\sgm\sgm\simple-debug\link.4308-cvtres.read.1.tlog
X:\Dropbox\SGM\sgm\sgm\simple-debug\link.4308-cvtres.write.1.tlog
X:\Dropbox\SGM\sgm\sgm\simple-debug\link.4308-rc.read.1.tlog
X:\Dropbox\SGM\sgm\sgm\simple-debug\link.4308-rc.write.1.tlog
X:\Dropbox\SGM\sgm\sgm\simple-debug\link.4308.read.1.tlog
X:\Dropbox\SGM\sgm\sgm\simple-debug\link.4308.write.1.tlog
X:\Dropbox\SGM\sgm\sgm\simple-debug\link.4356-cvtres.read.1.tlog
X:\Dropbox\SGM\sgm\sgm\simple-debug\link.4356-cvtres.write.1.tlog
X:\Dropbox\SGM\sgm\sgm\simple-debug\link.4356-rc.read.1.tlog
X:\Dropbox\SGM\sgm\sgm\simple-debug\link.4356-rc.write.1.tlog
X:\Dropbox\SGM\sgm\sgm\simple-debug\link.4356.read.1.tlog
X:\Dropbox\SGM\sgm\sgm\simple-debug\link.4356.write.1.tlog
X:\Dropbox\SGM\sgm\sgm\simple-debug\link.4392-cvtres.read.1.tlog
X:\Dropbox\SGM\sgm\sgm\simple-debug\link.4392-cvtres.write.1.tlog
X:\Dropbox\SGM\sgm\sgm\simple-debug\link.4392-rc.read.1.tlog
X:\Dropbox\SGM\sgm\sgm\simple-debug\link.4392-rc.write.1.tlog
X:\Dropbox\SGM\sgm\sgm\simple-debug\link.4392.read.1.tlog
X:\Dropbox\SGM\sgm\sgm\simple-debug\link.4392.write.1.tlog
X:\Dropbox\SGM\sgm\sgm\simple-debug\link.4428-cvtres.read.1.tlog
X:\Dropbox\SGM\sgm\sgm\simple-debug\link.4428-cvtres.write.1.tlog
X:\Dropbox\SGM\sgm\sgm\simple-debug\link.4428-rc.read.1.tlog
X:\Dropbox\SGM\sgm\sgm\simple-debug\link.4428-rc.write.1.tlog
X:\Dropbox\SGM\sgm\sgm\simple-debug\link.4428.read.1.tlog
X:\Dropbox\SGM\sgm\sgm\simple-debug\link.4428.write.1.tlog
X:\Dropbox\SGM\sgm\sgm\simple-debug\link.4456-cvtres.read.1.tlog
X:\Dropbox\SGM\sgm\sgm\simple-debug\link.4456-cvtres.write.1.tlog
X:\Dropbox\SGM\sgm\sgm\simple-debug\link.4456-rc.read.1.tlog
X:\Dropbox\SGM\sgm\sgm\simple-debug\link.4456-rc.write.1.tlog
X:\Dropbox\SGM\sgm\sgm\simple-debug\link.4456.read.1.tlog
X:\Dropbox\SGM\sgm\sgm\simple-debug\link.4456.write.1.tlog
X:\Dropbox\SGM\sgm\sgm\simple-debug\link.4460-cvtres.read.1.tlog
X:\Dropbox\SGM\sgm\sgm\simple-debug\link.4460-cvtres.write.1.tlog
X:\Dropbox\SGM\sgm\sgm\simple-debug\link.4460-rc.read.1.tlog
X:\Dropbox\SGM\sgm\sgm\simple-debug\link.4460-rc.write.1.tlog
X:\Dropbox\SGM\sgm\sgm\simple-debug\link.4460.read.1.tlog
X:\Dropbox\SGM\sgm\sgm\simple-debug\link.4460.write.1.tlog
X:\Dropbox\SGM\sgm\sgm\simple-debug\link.4484-cvtres.read.1.tlog
X:\Dropbox\SGM\sgm\sgm\simple-debug\link.4484-cvtres.write.1.tlog
X:\Dropbox\SGM\sgm\sgm\simple-debug\link.4484-rc.read.1.tlog
X:\Dropbox\SGM\sgm\sgm\simple-debug\link.4484-rc.write.1.tlog
X:\Dropbox\SGM\sgm\sgm\simple-debug\link.4484.read.1.tlog
X:\Dropbox\SGM\sgm\sgm\simple-debug\link.4484.write.1.tlog
X:\Dropbox\SGM\sgm\sgm\simple-debug\link.4492-cvtres.read.1.tlog
X:\Dropbox\SGM\sgm\sgm\simple-debug\link.4492-cvtres.write.1.tlog
X:\Dropbox\SGM\sgm\sgm\simple-debug\link.4492-rc.read.1.tlog
X:\Dropbox\SGM\sgm\sgm\simple-debug\link.4492-rc.write.1.tlog
X:\Dropbox\SGM\sgm\sgm\simple-debug\link.4492.read.1.tlog
X:\Dropbox\SGM\sgm\sgm\simple-debug\link.4492.write.1.tlog
X:\Dropbox\SGM\sgm\sgm\simple-debug\link.4512-cvtres.read.1.tlog
X:\Dropbox\SGM\sgm\sgm\simple-debug\link.4512-cvtres.write.1.tlog
X:\Dropbox\SGM\sgm\sgm\simple-debug\link.4512-rc.read.1.tlog
X:\Dropbox\SGM\sgm\sgm\simple-debug\link.4512-rc.write.1.tlog
X:\Dropbox\SGM\sgm\sgm\simple-debug\link.4512.read.1.tlog
X:\Dropbox\SGM\sgm\sgm\simple-debug\link.4512.write.1.tlog
X:\Dropbox\SGM\sgm\sgm\simple-debug\link.4656-cvtres.read.1.tlog
X:\Dropbox\SGM\sgm\sgm\simple-debug\link.4656-cvtres.write.1.tlog
X:\Dropbox\SGM\sgm\sgm\simple-debug\link.4656-rc.read.1.tlog
X:\Dropbox\SGM\sgm\sgm\simple-debug\link.4656-rc.write.1.tlog
X:\Dropbox\SGM\sgm\sgm\simple-debug\link.4656.read.1.tlog
X:\Dropbox\SGM\sgm\sgm\simple-debug\link.4656.write.1.tlog
X:\Dropbox\SGM\sgm\sgm\simple-debug\link.4672-cvtres.read.1.tlog
X:\Dropbox\SGM\sgm\sgm\simple-debug\link.4672-cvtres.write.1.tlog
X:\Dropbox\SGM\sgm\sgm\simple-debug\link.4672-rc.read.1.tlog
X:\Dropbox\SGM\sgm\sgm\simple-debug\link.4672-rc.write.1.tlog
X:\Dropbox\SGM\sgm\sgm\simple-debug\link.4672.read.1.tlog
X:\Dropbox\SGM\sgm\sgm\simple-debug\link.4672.write.1.tlog
X:\Dropbox\SGM\sgm\sgm\simple-debug\link.4732-cvtres.read.1.tlog
X:\Dropbox\SGM\sgm\sgm\simple-debug\link.4732-cvtres.write.1.tlog
X:\Dropbox\SGM\sgm\sgm\simple-debug\link.4732-rc.read.1.tlog
X:\Dropbox\SGM\sgm\sgm\simple-debug\link.4732-rc.write.1.tlog
X:\Dropbox\SGM\sgm\sgm\simple-debug\link.4732.read.1.tlog
X:\Dropbox\SGM\sgm\sgm\simple-debug\link.4732.write.1.tlog
X:\Dropbox\SGM\sgm\sgm\simple-debug\link.4748-cvtres.read.1.tlog
X:\Dropbox\SGM\sgm\sgm\simple-debug\link.4748-cvtres.write.1.tlog
X:\Dropbox\SGM\sgm\sgm\simple-debug\link.4748-rc.read.1.tlog
X:\Dropbox\SGM\sgm\sgm\simple-debug\link.4748-rc.write.1.tlog
X:\Dropbox\SGM\sgm\sgm\simple-debug\link.4748.read.1.tlog
X:\Dropbox\SGM\sgm\sgm\simple-debug\link.4748.write.1.tlog
X:\Dropbox\SGM\sgm\sgm\simple-debug\link.4784-cvtres.read.1.tlog
X:\Dropbox\SGM\sgm\sgm\simple-debug\link.4784-cvtres.write.1.tlog
X:\Dropbox\SGM\sgm\sgm\simple-debug\link.4784-rc.read.1.tlog
X:\Dropbox\SGM\sgm\sgm\simple-debug\link.4784-rc.write.1.tlog
X:\Dropbox\SGM\sgm\sgm\simple-debug\link.4784.read.1.tlog
X:\Dropbox\SGM\sgm\sgm\simple-debug\link.4784.write.1.tlog
X:\Dropbox\SGM\sgm\sgm\simple-debug\link.4928-cvtres.read.1.tlog
X:\Dropbox\SGM\sgm\sgm\simple-debug\link.4928-cvtres.write.1.tlog
X:\Dropbox\SGM\sgm\sgm\simple-debug\link.4928-rc.read.1.tlog
X:\Dropbox\SGM\sgm\sgm\simple-debug\link.4928-rc.write.1.tlog
X:\Dropbox\SGM\sgm\sgm\simple-debug\link.4928.read.1.tlog
X:\Dropbox\SGM\sgm\sgm\simple-debug\link.4928.write.1.tlog
X:\Dropbox\SGM\sgm\sgm\simple-debug\link.4932-cvtres.read.1.tlog
X:\Dropbox\SGM\sgm\sgm\simple-debug\link.4932-cvtres.write.1.tlog
X:\Dropbox\SGM\sgm\sgm\simple-debug\link.4932-rc.read.1.tlog
X:\Dropbox\SGM\sgm\sgm\simple-debug\link.4932-rc.write.1.tlog
X:\Dropbox\SGM\sgm\sgm\simple-debug\link.4932.read.1.tlog
X:\Dropbox\SGM\sgm\sgm\simple-debug\link.4932.write.1.tlog
X:\Dropbox\SGM\sgm\sgm\simple-debug\link.4944-cvtres.read.1.tlog
X:\Dropbox\SGM\sgm\sgm\simple-debug\link.4944-cvtres.write.1.tlog
X:\Dropbox\SGM\sgm\sgm\simple-debug\link.4944-rc.read.1.tlog
X:\Dropbox\SGM\sgm\sgm\simple-debug\link.4944-rc.write.1.tlog
X:\Dropbox\SGM\sgm\sgm\simple-debug\link.4944.read.1.tlog
X:\Dropbox\SGM\sgm\sgm\simple-debug\link.4944.write.1.tlog
X:\Dropbox\SGM\sgm\sgm\simple-debug\link.4948-cvtres.read.1.tlog
X:\Dropbox\SGM\sgm\sgm\simple-debug\link.4948-cvtres.write.1.tlog
X:\Dropbox\SGM\sgm\sgm\simple-debug\link.4948-rc.read.1.tlog
X:\Dropbox\SGM\sgm\sgm\simple-debug\link.4948-rc.write.1.tlog
X:\Dropbox\SGM\sgm\sgm\simple-debug\link.4948.read.1.tlog
X:\Dropbox\SGM\sgm\sgm\simple-debug\link.4948.write.1.tlog
X:\Dropbox\SGM\sgm\sgm\simple-debug\link.4956-cvtres.read.1.tlog
X:\Dropbox\SGM\sgm\sgm\simple-debug\link.4956-cvtres.write.1.tlog
X:\Dropbox\SGM\sgm\sgm\simple-debug\link.4956-rc.read.1.tlog
X:\Dropbox\SGM\sgm\sgm\simple-debug\link.4956-rc.write.1.tlog
X:\Dropbox\SGM\sgm\sgm\simple-debug\link.4956.read.1.tlog
X:\Dropbox\SGM\sgm\sgm\simple-debug\link.4956.write.1.tlog
X:\Dropbox\SGM\sgm\sgm\simple-debug\link.4988-cvtres.read.1.tlog
X:\Dropbox\SGM\sgm\sgm\simple-debug\link.4988-cvtres.write.1.tlog
X:\Dropbox\SGM\sgm\sgm\simple-debug\link.4988-rc.read.1.tlog
X:\Dropbox\SGM\sgm\sgm\simple-debug\link.4988-rc.write.1.tlog
X:\Dropbox\SGM\sgm\sgm\simple-debug\link.4988.read.1.tlog
X:\Dropbox\SGM\sgm\sgm\simple-debug\link.4988.write.1.tlog
X:\Dropbox\SGM\sgm\sgm\simple-debug\link.4992-cvtres.read.1.tlog
X:\Dropbox\SGM\sgm\sgm\simple-debug\link.4992-cvtres.write.1.tlog
X:\Dropbox\SGM\sgm\sgm\simple-debug\link.4992-rc.read.1.tlog
X:\Dropbox\SGM\sgm\sgm\simple-debug\link.4992-rc.write.1.tlog
X:\Dropbox\SGM\sgm\sgm\simple-debug\link.4992.read.1.tlog
X:\Dropbox\SGM\sgm\sgm\simple-debug\link.4992.write.1.tlog
X:\Dropbox\SGM\sgm\sgm\simple-debug\link.5008-cvtres.read.1.tlog
X:\Dropbox\SGM\sgm\sgm\simple-debug\link.5008-cvtres.write.1.tlog
X:\Dropbox\SGM\sgm\sgm\simple-debug\link.5008-rc.read.1.tlog
X:\Dropbox\SGM\sgm\sgm\simple-debug\link.5008-rc.write.1.tlog
X:\Dropbox\SGM\sgm\sgm\simple-debug\link.5008.read.1.tlog
X:\Dropbox\SGM\sgm\sgm\simple-debug\link.5008.write.1.tlog
X:\Dropbox\SGM\sgm\sgm\simple-debug\link.5028-cvtres.read.1.tlog
X:\Dropbox\SGM\sgm\sgm\simple-debug\link.5028-cvtres.write.1.tlog
X:\Dropbox\SGM\sgm\sgm\simple-debug\link.5028-rc.read.1.tlog
X:\Dropbox\SGM\sgm\sgm\simple-debug\link.5028-rc.write.1.tlog
X:\Dropbox\SGM\sgm\sgm\simple-debug\link.5028.read.1.tlog
X:\Dropbox\SGM\sgm\sgm\simple-debug\link.5028.write.1.tlog
X:\Dropbox\SGM\sgm\sgm\simple-debug\link.5032-cvtres.read.1.tlog
X:\Dropbox\SGM\sgm\sgm\simple-debug\link.5032-cvtres.write.1.tlog
X:\Dropbox\SGM\sgm\sgm\simple-debug\link.5032-rc.read.1.tlog
X:\Dropbox\SGM\sgm\sgm\simple-debug\link.5032-rc.write.1.tlog
X:\Dropbox\SGM\sgm\sgm\simple-debug\link.5032.read.1.tlog
X:\Dropbox\SGM\sgm\sgm\simple-debug\link.5032.write.1.tlog
X:\Dropbox\SGM\sgm\sgm\simple-debug\link.5040-cvtres.read.1.tlog
X:\Dropbox\SGM\sgm\sgm\simple-debug\link.5040-cvtres.write.1.tlog
X:\Dropbox\SGM\sgm\sgm\simple-debug\link.5040-rc.read.1.tlog
X:\Dropbox\SGM\sgm\sgm\simple-debug\link.5040-rc.write.1.tlog
X:\Dropbox\SGM\sgm\sgm\simple-debug\link.5040.read.1.tlog
X:\Dropbox\SGM\sgm\sgm\simple-debug\link.5040.write.1.tlog
X:\Dropbox\SGM\sgm\sgm\simple-debug\link.5048-cvtres.read.1.tlog
X:\Dropbox\SGM\sgm\sgm\simple-debug\link.5048-cvtres.write.1.tlog
X:\Dropbox\SGM\sgm\sgm\simple-debug\link.5048-rc.read.1.tlog
X:\Dropbox\SGM\sgm\sgm\simple-debug\link.5048-rc.write.1.tlog
X:\Dropbox\SGM\sgm\sgm\simple-debug\link.5048.read.1.tlog
X:\Dropbox\SGM\sgm\sgm\simple-debug\link.5048.write.1.tlog
X:\Dropbox\SGM\sgm\sgm\simple-debug\link.5056-cvtres.read.1.tlog
X:\Dropbox\SGM\sgm\sgm\simple-debug\link.5056-cvtres.write.1.tlog
X:\Dropbox\SGM\sgm\sgm\simple-debug\link.5056-rc.read.1.tlog
X:\Dropbox\SGM\sgm\sgm\simple-debug\link.5056-rc.write.1.tlog
X:\Dropbox\SGM\sgm\sgm\simple-debug\link.5056.read.1.tlog
X:\Dropbox\SGM\sgm\sgm\simple-debug\link.5056.write.1.tlog
X:\Dropbox\SGM\sgm\sgm\simple-debug\link.5104-cvtres.read.1.tlog
X:\Dropbox\SGM\sgm\sgm\simple-debug\link.5104-cvtres.write.1.tlog
X:\Dropbox\SGM\sgm\sgm\simple-debug\link.5104-rc.read.1.tlog
X:\Dropbox\SGM\sgm\sgm\simple-debug\link.5104-rc.write.1.tlog
X:\Dropbox\SGM\sgm\sgm\simple-debug\link.5104.read.1.tlog
X:\Dropbox\SGM\sgm\sgm\simple-debug\link.5104.write.1.tlog
X:\Dropbox\SGM\sgm\sgm\simple-debug\link.5140-cvtres.read.1.tlog
X:\Dropbox\SGM\sgm\sgm\simple-debug\link.5140-cvtres.write.1.tlog
X:\Dropbox\SGM\sgm\sgm\simple-debug\link.5140-rc.read.1.tlog
X:\Dropbox\SGM\sgm\sgm\simple-debug\link.5140-rc.write.1.tlog
X:\Dropbox\SGM\sgm\sgm\simple-debug\link.5140.read.1.tlog
X:\Dropbox\SGM\sgm\sgm\simple-debug\link.5140.write.1.tlog
X:\Dropbox\SGM\sgm\sgm\simple-debug\link.5156-cvtres.read.1.tlog
X:\Dropbox\SGM\sgm\sgm\simple-debug\link.5156-cvtres.write.1.tlog
X:\Dropbox\SGM\sgm\sgm\simple-debug\link.5156-rc.read.1.tlog
X:\Dropbox\SGM\sgm\sgm\simple-debug\link.5156-rc.write.1.tlog
X:\Dropbox\SGM\sgm\sgm\simple-debug\link.5156.read.1.tlog
X:\Dropbox\SGM\sgm\sgm\simple-debug\link.5156.write.1.tlog
X:\Dropbox\SGM\sgm\sgm\simple-debug\link.5176-cvtres.read.1.tlog
X:\Dropbox\SGM\sgm\sgm\simple-debug\link.5176-cvtres.write.1.tlog
X:\Dropbox\SGM\sgm\sgm\simple-debug\link.5176-rc.read.1.tlog
X:\Dropbox\SGM\sgm\sgm\simple-debug\link.5176-rc.write.1.tlog
X:\Dropbox\SGM\sgm\sgm\simple-debug\link.5176.read.1.tlog
X:\Dropbox\SGM\sgm\sgm\simple-debug\link.5176.write.1.tlog
X:\Dropbox\SGM\sgm\sgm\simple-debug\link.5188-cvtres.read.1.tlog
X:\Dropbox\SGM\sgm\sgm\simple-debug\link.5188-cvtres.write.1.tlog
X:\Dropbox\SGM\sgm\sgm\simple-debug\link.5188-rc.read.1.tlog
X:\Dropbox\SGM\sgm\sgm\simple-debug\link.5188-rc.write.1.tlog
X:\Dropbox\SGM\sgm\sgm\simple-debug\link.5188.read.1.tlog
X:\Dropbox\SGM\sgm\sgm\simple-debug\link.5188.write.1.tlog
X:\Dropbox\SGM\sgm\sgm\simple-debug\link.5212-cvtres.read.1.tlog
X:\Dropbox\SGM\sgm\sgm\simple-debug\link.5212-cvtres.write.1.tlog
X:\Dropbox\SGM\sgm\sgm\simple-debug\link.5212-rc.read.1.tlog
X:\Dropbox\SGM\sgm\sgm\simple-debug\link.5212-rc.write.1.tlog
X:\Dropbox\SGM\sgm\sgm\simple-debug\link.5212.read.1.tlog
X:\Dropbox\SGM\sgm\sgm\simple-debug\link.5212.write.1.tlog
X:\Dropbox\SGM\sgm\sgm\simple-debug\link.5224-cvtres.read.1.tlog
X:\Dropbox\SGM\sgm\sgm\simple-debug\link.5224-cvtres.write.1.tlog
X:\Dropbox\SGM\sgm\sgm\simple-debug\link.5224-rc.read.1.tlog
X:\Dropbox\SGM\sgm\sgm\simple-debug\link.5224-rc.write.1.tlog
X:\Dropbox\SGM\sgm\sgm\simple-debug\link.5224.read.1.tlog
X:\Dropbox\SGM\sgm\sgm\simple-debug\link.5224.write.1.tlog
X:\Dropbox\SGM\sgm\sgm\simple-debug\link.5228-cvtres.read.1.tlog
X:\Dropbox\SGM\sgm\sgm\simple-debug\link.5228-cvtres.write.1.tlog
X:\Dropbox\SGM\sgm\sgm\simple-debug\link.5228-rc.read.1.tlog
X:\Dropbox\SGM\sgm\sgm\simple-debug\link.5228-rc.write.1.tlog
X:\Dropbox\SGM\sgm\sgm\simple-debug\link.5228.read.1.tlog
X:\Dropbox\SGM\sgm\sgm\simple-debug\link.5228.write.1.tlog
X:\Dropbox\SGM\sgm\sgm\simple-debug\link.5264-cvtres.read.1.tlog
X:\Dropbox\SGM\sgm\sgm\simple-debug\link.5264-cvtres.write.1.tlog
X:\Dropbox\SGM\sgm\sgm\simple-debug\link.5264-rc.read.1.tlog
X:\Dropbox\SGM\sgm\sgm\simple-debug\link.5264-rc.write.1.tlog
X:\Dropbox\SGM\sgm\sgm\simple-debug\link.5264.read.1.tlog
X:\Dropbox\SGM\sgm\sgm\simple-debug\link.5264.write.1.tlog
X:\Dropbox\SGM\sgm\sgm\simple-debug\link.5268-cvtres.read.1.tlog
X:\Dropbox\SGM\sgm\sgm\simple-debug\link.5268-cvtres.write.1.tlog
X:\Dropbox\SGM\sgm\sgm\simple-debug\link.5268-rc.read.1.tlog
X:\Dropbox\SGM\sgm\sgm\simple-debug\link.5268-rc.write.1.tlog
X:\Dropbox\SGM\sgm\sgm\simple-debug\link.5268.read.1.tlog
X:\Dropbox\SGM\sgm\sgm\simple-debug\link.5268.write.1.tlog
X:\Dropbox\SGM\sgm\sgm\simple-debug\link.5336-cvtres.read.1.tlog
X:\Dropbox\SGM\sgm\sgm\simple-debug\link.5336-cvtres.write.1.tlog
X:\Dropbox\SGM\sgm\sgm\simple-debug\link.5336-rc.read.1.tlog
X:\Dropbox\SGM\sgm\sgm\simple-debug\link.5336-rc.write.1.tlog
X:\Dropbox\SGM\sgm\sgm\simple-debug\link.5336.read.1.tlog
X:\Dropbox\SGM\sgm\sgm\simple-debug\link.5336.write.1.tlog
X:\Dropbox\SGM\sgm\sgm\simple-debug\link.5344-cvtres.read.1.tlog
X:\Dropbox\SGM\sgm\sgm\simple-debug\link.5344-cvtres.write.1.tlog
X:\Dropbox\SGM\sgm\sgm\simple-debug\link.5344-rc.read.1.tlog
X:\Dropbox\SGM\sgm\sgm\simple-debug\link.5344-rc.write.1.tlog
X:\Dropbox\SGM\sgm\sgm\simple-debug\link.5344.read.1.tlog
X:\Dropbox\SGM\sgm\sgm\simple-debug\link.5344.write.1.tlog
X:\Dropbox\SGM\sgm\sgm\simple-debug\link.5348-cvtres.read.1.tlog
X:\Dropbox\SGM\sgm\sgm\simple-debug\link.5348-cvtres.write.1.tlog
X:\Dropbox\SGM\sgm\sgm\simple-debug\link.5348-rc.read.1.tlog
X:\Dropbox\SGM\sgm\sgm\simple-debug\link.5348-rc.write.1.tlog
X:\Dropbox\SGM\sgm\sgm\simple-debug\link.5348.read.1.tlog
X:\Dropbox\SGM\sgm\sgm\simple-debug\link.5348.write.1.tlog
X:\Dropbox\SGM\sgm\sgm\simple-debug\link.5376-cvtres.read.1.tlog
X:\Dropbox\SGM\sgm\sgm\simple-debug\link.5376-cvtres.write.1.tlog
X:\Dropbox\SGM\sgm\sgm\simple-debug\link.5376-rc.read.1.tlog
X:\Dropbox\SGM\sgm\sgm\simple-debug\link.5376-rc.write.1.tlog
X:\Dropbox\SGM\sgm\sgm\simple-debug\link.5376.read.1.tlog
X:\Dropbox\SGM\sgm\sgm\simple-debug\link.5376.write.1.tlog
X:\Dropbox\SGM\sgm\sgm\simple-debug\link.5384-cvtres.read.1.tlog
X:\Dropbox\SGM\sgm\sgm\simple-debug\link.5384-cvtres.write.1.tlog
X:\Dropbox\SGM\sgm\sgm\simple-debug\link.5384-rc.read.1.tlog
X:\Dropbox\SGM\sgm\sgm\simple-debug\link.5384-rc.write.1.tlog
X:\Dropbox\SGM\sgm\sgm\simple-debug\link.5384.read.1.tlog
X:\Dropbox\SGM\sgm\sgm\simple-debug\link.5384.write.1.tlog
X:\Dropbox\SGM\sgm\sgm\simple-debug\link.5392-cvtres.read.1.tlog
X:\Dropbox\SGM\sgm\sgm\simple-debug\link.5392-cvtres.write.1.tlog
X:\Dropbox\SGM\sgm\sgm\simple-debug\link.5392-rc.read.1.tlog
X:\Dropbox\SGM\sgm\sgm\simple-debug\link.5392-rc.write.1.tlog
X:\Dropbox\SGM\sgm\sgm\simple-debug\link.5392.read.1.tlog
X:\Dropbox\SGM\sgm\sgm\simple-debug\link.5392.write.1.tlog
X:\Dropbox\SGM\sgm\sgm\simple-debug\link.5396-cvtres.read.1.tlog
X:\Dropbox\SGM\sgm\sgm\simple-debug\link.5396-cvtres.write.1.tlog
X:\Dropbox\SGM\sgm\sgm\simple-debug\link.5396-rc.read.1.tlog
X:\Dropbox\SGM\sgm\sgm\simple-debug\link.5396-rc.write.1.tlog
X:\Dropbox\SGM\sgm\sgm\simple-debug\link.5396.read.1.tlog
X:\Dropbox\SGM\sgm\sgm\simple-debug\link.5396.write.1.tlog
X:\Dropbox\SGM\sgm\sgm\simple-debug\link.5408-cvtres.read.1.tlog
X:\Dropbox\SGM\sgm\sgm\simple-debug\link.5408-cvtres.write.1.tlog
X:\Dropbox\SGM\sgm\sgm\simple-debug\link.5408-rc.read.1.tlog
X:\Dropbox\SGM\sgm\sgm\simple-debug\link.5408-rc.write.1.tlog
X:\Dropbox\SGM\sgm\sgm\simple-debug\link.5408.read.1.tlog
X:\Dropbox\SGM\sgm\sgm\simple-debug\link.5408.write.1.tlog
X:\Dropbox\SGM\sgm\sgm\simple-debug\link.5416-cvtres.read.1.tlog
X:\Dropbox\SGM\sgm\sgm\simple-debug\link.5416-cvtres.write.1.tlog
X:\Dropbox\SGM\sgm\sgm\simple-debug\link.5416-rc.read.1.tlog
X:\Dropbox\SGM\sgm\sgm\simple-debug\link.5416-rc.write.1.tlog
X:\Dropbox\SGM\sgm\sgm\simple-debug\link.5416.read.1.tlog
X:\Dropbox\SGM\sgm\sgm\simple-debug\link.5416.write.1.tlog
X:\Dropbox\SGM\sgm\sgm\simple-debug\link.5424-cvtres.read.1.tlog
X:\Dropbox\SGM\sgm\sgm\simple-debug\link.5424-cvtres.write.1.tlog
X:\Dropbox\SGM\sgm\sgm\simple-debug\link.5424-rc.read.1.tlog
X:\Dropbox\SGM\sgm\sgm\simple-debug\link.5424-rc.write.1.tlog
X:\Dropbox\SGM\sgm\sgm\simple-debug\link.5424.read.1.tlog
X:\Dropbox\SGM\sgm\sgm\simple-debug\link.5424.write.1.tlog
X:\Dropbox\SGM\sgm\sgm\simple-debug\link.5436-cvtres.read.1.tlog
X:\Dropbox\SGM\sgm\sgm\simple-debug\link.5436-cvtres.write.1.tlog
X:\Dropbox\SGM\sgm\sgm\simple-debug\link.5436-rc.read.1.tlog
X:\Dropbox\SGM\sgm\sgm\simple-debug\link.5436-rc.write.1.tlog
X:\Dropbox\SGM\sgm\sgm\simple-debug\link.5436.read.1.tlog
X:\Dropbox\SGM\sgm\sgm\simple-debug\link.5436.write.1.tlog
X:\Dropbox\SGM\sgm\sgm\simple-debug\link.5444-cvtres.read.1.tlog
X:\Dropbox\SGM\sgm\sgm\simple-debug\link.5444-cvtres.write.1.tlog
X:\Dropbox\SGM\sgm\sgm\simple-debug\link.5444-rc.read.1.tlog
X:\Dropbox\SGM\sgm\sgm\simple-debug\link.5444-rc.write.1.tlog
X:\Dropbox\SGM\sgm\sgm\simple-debug\link.5444.read.1.tlog
X:\Dropbox\SGM\sgm\sgm\simple-debug\link.5444.write.1.tlog
X:\Dropbox\SGM\sgm\sgm\simple-debug\link.5476-cvtres.read.1.tlog
X:\Dropbox\SGM\sgm\sgm\simple-debug\link.5476-cvtres.write.1.tlog
X:\Dropbox\SGM\sgm\sgm\simple-debug\link.5476-rc.read.1.tlog
X:\Dropbox\SGM\sgm\sgm\simple-debug\link.5476-rc.write.1.tlog
X:\Dropbox\SGM\sgm\sgm\simple-debug\link.5476.read.1.tlog
X:\Dropbox\SGM\sgm\sgm\simple-debug\link.5476.write.1.tlog
X:\Dropbox\SGM\sgm\sgm\simple-debug\link.5500-cvtres.read.1.tlog
X:\Dropbox\SGM\sgm\sgm\simple-debug\link.5500-cvtres.write.1.tlog
X:\Dropbox\SGM\sgm\sgm\simple-debug\link.5500-rc.read.1.tlog
X:\Dropbox\SGM\sgm\sgm\simple-debug\link.5500-rc.write.1.tlog
X:\Dropbox\SGM\sgm\sgm\simple-debug\link.5500.read.1.tlog
X:\Dropbox\SGM\sgm\sgm\simple-debug\link.5500.write.1.tlog
X:\Dropbox\SGM\sgm\sgm\simple-debug\link.5520-cvtres.read.1.tlog
X:\Dropbox\SGM\sgm\sgm\simple-debug\link.5520-cvtres.write.1.tlog
X:\Dropbox\SGM\sgm\sgm\simple-debug\link.5520-rc.read.1.tlog
X:\Dropbox\SGM\sgm\sgm\simple-debug\link.5520-rc.write.1.tlog
X:\Dropbox\SGM\sgm\sgm\simple-debug\link.5520.read.1.tlog
X:\Dropbox\SGM\sgm\sgm\simple-debug\link.5520.write.1.tlog
X:\Dropbox\SGM\sgm\sgm\simple-debug\link.5528-cvtres.read.1.tlog
X:\Dropbox\SGM\sgm\sgm\simple-debug\link.5528-cvtres.write.1.tlog
X:\Dropbox\SGM\sgm\sgm\simple-debug\link.5528-rc.read.1.tlog
X:\Dropbox\SGM\sgm\sgm\simple-debug\link.5528-rc.write.1.tlog
X:\Dropbox\SGM\sgm\sgm\simple-debug\link.5528.read.1.tlog
X:\Dropbox\SGM\sgm\sgm\simple-debug\link.5528.write.1.tlog
X:\Dropbox\SGM\sgm\sgm\simple-debug\link.5544-cvtres.read.1.tlog
X:\Dropbox\SGM\sgm\sgm\simple-debug\link.5544-cvtres.write.1.tlog
X:\Dropbox\SGM\sgm\sgm\simple-debug\link.5544-rc.read.1.tlog
X:\Dropbox\SGM\sgm\sgm\simple-debug\link.5544-rc.write.1.tlog
X:\Dropbox\SGM\sgm\sgm\simple-debug\link.5544.read.1.tlog
X:\Dropbox\SGM\sgm\sgm\simple-debug\link.5544.write.1.tlog
X:\Dropbox\SGM\sgm\sgm\simple-debug\link.5572-cvtres.read.1.tlog
X:\Dropbox\SGM\sgm\sgm\simple-debug\link.5572-cvtres.write.1.tlog
X:\Dropbox\SGM\sgm\sgm\simple-debug\link.5572-rc.read.1.tlog
X:\Dropbox\SGM\sgm\sgm\simple-debug\link.5572-rc.write.1.tlog
X:\Dropbox\SGM\sgm\sgm\simple-debug\link.5572.read.1.tlog
X:\Dropbox\SGM\sgm\sgm\simple-debug\link.5572.write.1.tlog
X:\Dropbox\SGM\sgm\sgm\simple-debug\link.5596-cvtres.read.1.tlog
X:\Dropbox\SGM\sgm\sgm\simple-debug\link.5596-cvtres.write.1.tlog
X:\Dropbox\SGM\sgm\sgm\simple-debug\link.5596-rc.read.1.tlog
X:\Dropbox\SGM\sgm\sgm\simple-debug\link.5596-rc.write.1.tlog
X:\Dropbox\SGM\sgm\sgm\simple-debug\link.5596.read.1.tlog
X:\Dropbox\SGM\sgm\sgm\simple-debug\link.5596.write.1.tlog
X:\Dropbox\SGM\sgm\sgm\simple-debug\link.5612-cvtres.read.1.tlog
X:\Dropbox\SGM\sgm\sgm\simple-debug\link.5612-cvtres.write.1.tlog
X:\Dropbox\SGM\sgm\sgm\simple-debug\link.5612-rc.read.1.tlog
X:\Dropbox\SGM\sgm\sgm\simple-debug\link.5612-rc.write.1.tlog
X:\Dropbox\SGM\sgm\sgm\simple-debug\link.5612.read.1.tlog
X:\Dropbox\SGM\sgm\sgm\simple-debug\link.5612.write.1.tlog
X:\Dropbox\SGM\sgm\sgm\simple-debug\link.5616-cvtres.read.1.tlog
X:\Dropbox\SGM\sgm\sgm\simple-debug\link.5616-cvtres.write.1.tlog
X:\Dropbox\SGM\sgm\sgm\simple-debug\link.5616-rc.read.1.tlog
X:\Dropbox\SGM\sgm\sgm\simple-debug\link.5616-rc.write.1.tlog
X:\Dropbox\SGM\sgm\sgm\simple-debug\link.5616.read.1.tlog
X:\Dropbox\SGM\sgm\sgm\simple-debug\link.5616.write.1.tlog
X:\Dropbox\SGM\sgm\sgm\simple-debug\link.5692-cvtres.read.1.tlog
X:\Dropbox\SGM\sgm\sgm\simple-debug\link.5692-cvtres.write.1.tlog
X:\Dropbox\SGM\sgm\sgm\simple-debug\link.5692-rc.read.1.tlog
X:\Dropbox\SGM\sgm\sgm\simple-debug\link.5692-rc.write.1.tlog
X:\Dropbox\SGM\sgm\sgm\simple-debug\link.5692.read.1.tlog
X:\Dropbox\SGM\sgm\sgm\simple-debug\link.5692.write.1.tlog
X:\Dropbox\SGM\sgm\sgm\simple-debug\link.5700-cvtres.read.1.tlog
X:\Dropbox\SGM\sgm\sgm\simple-debug\link.5700-cvtres.write.1.tlog
X:\Dropbox\SGM\sgm\sgm\simple-debug\link.5700-rc.read.1.tlog
X:\Dropbox\SGM\sgm\sgm\simple-debug\link.5700-rc.write.1.tlog
X:\Dropbox\SGM\sgm\sgm\simple-debug\link.5700.read.1.tlog
X:\Dropbox\SGM\sgm\sgm\simple-debug\link.5700.write.1.tlog
X:\Dropbox\SGM\sgm\sgm\simple-debug\link.5704-cvtres.read.1.tlog
X:\Dropbox\SGM\sgm\sgm\simple-debug\link.5704-cvtres.write.1.tlog
X:\Dropbox\SGM\sgm\sgm\simple-debug\link.5704-rc.read.1.tlog
X:\Dropbox\SGM\sgm\sgm\simple-debug\link.5704-rc.write.1.tlog
X:\Dropbox\SGM\sgm\sgm\simple-debug\link.5704.read.1.tlog
X:\Dropbox\SGM\sgm\sgm\simple-debug\link.5704.write.1.tlog
X:\Dropbox\SGM\sgm\sgm\simple-debug\link.5724-cvtres.read.1.tlog
X:\Dropbox\SGM\sgm\sgm\simple-debug\link.5724-cvtres.write.1.tlog
X:\Dropbox\SGM\sgm\sgm\simple-debug\link.5724-rc.read.1.tlog
X:\Dropbox\SGM\sgm\sgm\simple-debug\link.5724-rc.write.1.tlog
X:\Dropbox\SGM\sgm\sgm\simple-debug\link.5724.read.1.tlog
X:\Dropbox\SGM\sgm\sgm\simple-debug\link.5724.write.1.tlog
X:\Dropbox\SGM\sgm\sgm\simple-debug\link.5728-cvtres.read.1.tlog
X:\Dropbox\SGM\sgm\sgm\simple-debug\link.5728-cvtres.write.1.tlog
X:\Dropbox\SGM\sgm\sgm\simple-debug\link.5728-rc.read.1.tlog
X:\Dropbox\SGM\sgm\sgm\simple-debug\link.5728-rc.write.1.tlog
X:\Dropbox\SGM\sgm\sgm\simple-debug\link.5728.read.1.tlog
X:\Dropbox\SGM\sgm\sgm\simple-debug\link.5728.write.1.tlog
X:\Dropbox\SGM\sgm\sgm\simple-debug\link.5740-cvtres.read.1.tlog
X:\Dropbox\SGM\sgm\sgm\simple-debug\link.5740-cvtres.write.1.tlog
X:\Dropbox\SGM\sgm\sgm\simple-debug\link.5740-rc.read.1.tlog
X:\Dropbox\SGM\sgm\sgm\simple-debug\link.5740-rc.write.1.tlog
X:\Dropbox\SGM\sgm\sgm\simple-debug\link.5740.read.1.tlog
X:\Dropbox\SGM\sgm\sgm\simple-debug\link.5740.write.1.tlog
X:\Dropbox\SGM\sgm\sgm\simple-debug\link.576-cvtres.read.1.tlog
X:\Dropbox\SGM\sgm\sgm\simple-debug\link.576-cvtres.write.1.tlog
X:\Dropbox\SGM\sgm\sgm\simple-debug\link.576-rc.read.1.tlog
X:\Dropbox\SGM\sgm\sgm\simple-debug\link.576-rc.write.1.tlog
X:\Dropbox\SGM\sgm\sgm\simple-debug\link.576.read.1.tlog
X:\Dropbox\SGM\sgm\sgm\simple-debug\link.576.write.1.tlog
X:\Dropbox\SGM\sgm\sgm\simple-debug\link.5768-cvtres.read.1.tlog
X:\Dropbox\SGM\sgm\sgm\simple-debug\link.5768-cvtres.write.1.tlog
X:\Dropbox\SGM\sgm\sgm\simple-debug\link.5768-rc.read.1.tlog
X:\Dropbox\SGM\sgm\sgm\simple-debug\link.5768-rc.write.1.tlog
X:\Dropbox\SGM\sgm\sgm\simple-debug\link.5768.read.1.tlog
X:\Dropbox\SGM\sgm\sgm\simple-debug\link.5768.write.1.tlog
X:\Dropbox\SGM\sgm\sgm\simple-debug\link.5788-cvtres.read.1.tlog
X:\Dropbox\SGM\sgm\sgm\simple-debug\link.5788-cvtres.write.1.tlog
X:\Dropbox\SGM\sgm\sgm\simple-debug\link.5788-rc.read.1.tlog
X:\Dropbox\SGM\sgm\sgm\simple-debug\link.5788-rc.write.1.tlog
X:\Dropbox\SGM\sgm\sgm\simple-debug\link.5788.read.1.tlog
X:\Dropbox\SGM\sgm\sgm\simple-debug\link.5788.write.1.tlog
X:\Dropbox\SGM\sgm\sgm\simple-debug\link.5832-cvtres.read.1.tlog
X:\Dropbox\SGM\sgm\sgm\simple-debug\link.5832-cvtres.write.1.tlog
X:\Dropbox\SGM\sgm\sgm\simple-debug\link.5832-rc.read.1.tlog
X:\Dropbox\SGM\sgm\sgm\simple-debug\link.5832-rc.write.1.tlog
X:\Dropbox\SGM\sgm\sgm\simple-debug\link.5832.read.1.tlog
X:\Dropbox\SGM\sgm\sgm\simple-debug\link.5832.write.1.tlog
X:\Dropbox\SGM\sgm\sgm\simple-debug\link.5840-cvtres.read.1.tlog
X:\Dropbox\SGM\sgm\sgm\simple-debug\link.5840-cvtres.write.1.tlog
X:\Dropbox\SGM\sgm\sgm\simple-debug\link.5840-rc.read.1.tlog
X:\Dropbox\SGM\sgm\sgm\simple-debug\link.5840-rc.write.1.tlog
X:\Dropbox\SGM\sgm\sgm\simple-debug\link.5840.read.1.tlog
X:\Dropbox\SGM\sgm\sgm\simple-debug\link.5840.write.1.tlog
X:\Dropbox\SGM\sgm\sgm\simple-debug\link.5936-cvtres.read.1.tlog
X:\Dropbox\SGM\sgm\sgm\simple-debug\link.5936-cvtres.write.1.tlog
X:\Dropbox\SGM\sgm\sgm\simple-debug\link.5936-rc.read.1.tlog
X:\Dropbox\SGM\sgm\sgm\simple-debug\link.5936-rc.write.1.tlog
X:\Dropbox\SGM\sgm\sgm\simple-debug\link.5936.read.1.tlog
X:\Dropbox\SGM\sgm\sgm\simple-debug\link.5936.write.1.tlog
X:\Dropbox\SGM\sgm\sgm\simple-debug\link.5956-cvtres.read.1.tlog
X:\Dropbox\SGM\sgm\sgm\simple-debug\link.5956-cvtres.write.1.tlog
X:\Dropbox\SGM\sgm\sgm\simple-debug\link.5956-rc.read.1.tlog
X:\Dropbox\SGM\sgm\sgm\simple-debug\link.5956-rc.write.1.tlog
X:\Dropbox\SGM\sgm\sgm\simple-debug\link.5956.read.1.tlog
X:\Dropbox\SGM\sgm\sgm\simple-debug\link.5956.write.1.tlog
X:\Dropbox\SGM\sgm\sgm\simple-debug\link.5976-cvtres.read.1.tlog
X:\Dropbox\SGM\sgm\sgm\simple-debug\link.5976-cvtres.write.1.tlog
X:\Dropbox\SGM\sgm\sgm\simple-debug\link.5976-rc.read.1.tlog
X:\Dropbox\SGM\sgm\sgm\simple-debug\link.5976-rc.write.1.tlog
X:\Dropbox\SGM\sgm\sgm\simple-debug\link.5976.read.1.tlog
X:\Dropbox\SGM\sgm\sgm\simple-debug\link.5976.write.1.tlog
X:\Dropbox\SGM\sgm\sgm\simple-debug\link.5992-cvtres.read.1.tlog
X:\Dropbox\SGM\sgm\sgm\simple-debug\link.5992-cvtres.write.1.tlog
X:\Dropbox\SGM\sgm\sgm\simple-debug\link.5992-rc.read.1.tlog
X:\Dropbox\SGM\sgm\sgm\simple-debug\link.5992-rc.write.1.tlog
X:\Dropbox\SGM\sgm\sgm\simple-debug\link.5992.read.1.tlog
X:\Dropbox\SGM\sgm\sgm\simple-debug\link.5992.write.1.tlog
X:\Dropbox\SGM\sgm\sgm\simple-debug\link.6064-cvtres.read.1.tlog
X:\Dropbox\SGM\sgm\sgm\simple-debug\link.6064-cvtres.write.1.tlog
X:\Dropbox\SGM\sgm\sgm\simple-debug\link.6064-rc.read.1.tlog
X:\Dropbox\SGM\sgm\sgm\simple-debug\link.6064-rc.write.1.tlog
X:\Dropbox\SGM\sgm\sgm\simple-debug\link.6064.read.1.tlog
X:\Dropbox\SGM\sgm\sgm\simple-debug\link.6064.write.1.tlog
X:\Dropbox\SGM\sgm\sgm\simple-debug\link.6088-cvtres.read.1.tlog
X:\Dropbox\SGM\sgm\sgm\simple-debug\link.6088-cvtres.write.1.tlog
X:\Dropbox\SGM\sgm\sgm\simple-debug\link.6088-rc.read.1.tlog
X:\Dropbox\SGM\sgm\sgm\simple-debug\link.6088-rc.write.1.tlog
X:\Dropbox\SGM\sgm\sgm\simple-debug\link.6088.read.1.tlog
X:\Dropbox\SGM\sgm\sgm\simple-debug\link.6088.write.1.tlog
X:\Dropbox\SGM\sgm\sgm\simple-debug\link.6096-cvtres.read.1.tlog
X:\Dropbox\SGM\sgm\sgm\simple-debug\link.6096-cvtres.write.1.tlog
X:\Dropbox\SGM\sgm\sgm\simple-debug\link.6096-rc.read.1.tlog
X:\Dropbox\SGM\sgm\sgm\simple-debug\link.6096-rc.write.1.tlog
X:\Dropbox\SGM\sgm\sgm\simple-debug\link.6096.read.1.tlog
X:\Dropbox\SGM\sgm\sgm\simple-debug\link.6096.write.1.tlog
X:\Dropbox\SGM\sgm\sgm\simple-debug\link.6104-cvtres.read.1.tlog
X:\Dropbox\SGM\sgm\sgm\simple-debug\link.6104-cvtres.write.1.tlog
X:\Dropbox\SGM\sgm\sgm\simple-debug\link.6104-rc.read.1.tlog
X:\Dropbox\SGM\sgm\sgm\simple-debug\link.6104-rc.write.1.tlog
X:\Dropbox\SGM\sgm\sgm\simple-debug\link.6104.read.1.tlog
X:\Dropbox\SGM\sgm\sgm\simple-debug\link.6104.write.1.tlog
X:\Dropbox\SGM\sgm\sgm\simple-debug\link.6116-cvtres.read.1.tlog
X:\Dropbox\SGM\sgm\sgm\simple-debug\link.6116-cvtres.write.1.tlog
X:\Dropbox\SGM\sgm\sgm\simple-debug\link.6116-rc.read.1.tlog
X:\Dropbox\SGM\sgm\sgm\simple-debug\link.6116-rc.write.1.tlog
X:\Dropbox\SGM\sgm\sgm\simple-debug\link.6116.read.1.tlog
X:\Dropbox\SGM\sgm\sgm\simple-debug\link.6116.write.1.tlog
X:\Dropbox\SGM\sgm\sgm\simple-debug\link.6244-cvtres.read.1.tlog
X:\Dropbox\SGM\sgm\sgm\simple-debug\link.6244-cvtres.write.1.tlog
X:\Dropbox\SGM\sgm\sgm\simple-debug\link.6244-rc.read.1.tlog
X:\Dropbox\SGM\sgm\sgm\simple-debug\link.6244-rc.write.1.tlog
X:\Dropbox\SGM\sgm\sgm\simple-debug\link.6244.read.1.tlog
X:\Dropbox\SGM\sgm\sgm\simple-debug\link.6244.write.1.tlog
X:\Dropbox\SGM\sgm\sgm\simple-debug\link.632-cvtres.read.1.tlog
X:\Dropbox\SGM\sgm\sgm\simple-debug\link.632-cvtres.write.1.tlog
X:\Dropbox\SGM\sgm\sgm\simple-debug\link.632-rc.read.1.tlog
X:\Dropbox\SGM\sgm\sgm\simple-debug\link.632-rc.write.1.tlog
X:\Dropbox\SGM\sgm\sgm\simple-debug\link.632.read.1.tlog
X:\Dropbox\SGM\sgm\sgm\simple-debug\link.632.write.1.tlog
X:\Dropbox\SGM\sgm\sgm\simple-debug\link.6384-cvtres.read.1.tlog
X:\Dropbox\SGM\sgm\sgm\simple-debug\link.6384-cvtres.write.1.tlog
X:\Dropbox\SGM\sgm\sgm\simple-debug\link.6384-rc.read.1.tlog
X:\Dropbox\SGM\sgm\sgm\simple-debug\link.6384-rc.write.1.tlog
X:\Dropbox\SGM\sgm\sgm\simple-debug\link.6384.read.1.tlog
X:\Dropbox\SGM\sgm\sgm\simple-debug\link.6384.write.1.tlog
X:\Dropbox\SGM\sgm\sgm\simple-debug\link.6388-cvtres.read.1.tlog
X:\Dropbox\SGM\sgm\sgm\simple-debug\link.6388-cvtres.write.1.tlog
X:\Dropbox\SGM\sgm\sgm\simple-debug\link.6388-rc.read.1.tlog
X:\Dropbox\SGM\sgm\sgm\simple-debug\link.6388-rc.write.1.tlog
X:\Dropbox\SGM\sgm\sgm\simple-debug\link.6388.read.1.tlog
X:\Dropbox\SGM\sgm\sgm\simple-debug\link.6388.write.1.tlog
X:\Dropbox\SGM\sgm\sgm\simple-debug\link.6404-cvtres.read.1.tlog
X:\Dropbox\SGM\sgm\sgm\simple-debug\link.6404-cvtres.write.1.tlog
X:\Dropbox\SGM\sgm\sgm\simple-debug\link.6404-rc.read.1.tlog
X:\Dropbox\SGM\sgm\sgm\simple-debug\link.6404-rc.write.1.tlog
X:\Dropbox\SGM\sgm\sgm\simple-debug\link.6404.read.1.tlog
X:\Dropbox\SGM\sgm\sgm\simple-debug\link.6404.write.1.tlog
X:\Dropbox\SGM\sgm\sgm\simple-debug\link.6432-cvtres.read.1.tlog
X:\Dropbox\SGM\sgm\sgm\simple-debug\link.6432-cvtres.write.1.tlog
X:\Dropbox\SGM\sgm\sgm\simple-debug\link.6432-rc.read.1.tlog
X:\Dropbox\SGM\sgm\sgm\simple-debug\link.6432-rc.write.1.tlog
X:\Dropbox\SGM\sgm\sgm\simple-debug\link.6432.read.1.tlog
X:\Dropbox\SGM\sgm\sgm\simple-debug\link.6432.write.1.tlog
X:\Dropbox\SGM\sgm\sgm\simple-debug\link.6440-cvtres.read.1.tlog
X:\Dropbox\SGM\sgm\sgm\simple-debug\link.6440-cvtres.write.1.tlog
X:\Dropbox\SGM\sgm\sgm\simple-debug\link.6440-rc.read.1.tlog
X:\Dropbox\SGM\sgm\sgm\simple-debug\link.6440-rc.write.1.tlog
X:\Dropbox\SGM\sgm\sgm\simple-debug\link.6440.read.1.tlog
X:\Dropbox\SGM\sgm\sgm\simple-debug\link.6440.write.1.tlog
X:\Dropbox\SGM\sgm\sgm\simple-debug\link.6528-cvtres.read.1.tlog
X:\Dropbox\SGM\sgm\sgm\simple-debug\link.6528-cvtres.write.1.tlog
X:\Dropbox\SGM\sgm\sgm\simple-debug\link.6528-rc.read.1.tlog
X:\Dropbox\SGM\sgm\sgm\simple-debug\link.6528-rc.write.1.tlog
X:\Dropbox\SGM\sgm\sgm\simple-debug\link.6528.read.1.tlog
X:\Dropbox\SGM\sgm\sgm\simple-debug\link.6528.write.1.tlog
X:\Dropbox\SGM\sgm\sgm\simple-debug\link.6724-cvtres.read.1.tlog
X:\Dropbox\SGM\sgm\sgm\simple-debug\link.6724-cvtres.write.1.tlog
X:\Dropbox\SGM\sgm\sgm\simple-debug\link.6724-rc.read.1.tlog
X:\Dropbox\SGM\sgm\sgm\simple-debug\link.6724-rc.write.1.tlog
X:\Dropbox\SGM\sgm\sgm\simple-debug\link.6724.read.1.tlog
X:\Dropbox\SGM\sgm\sgm\simple-debug\link.6724.write.1.tlog
X:\Dropbox\SGM\sgm\sgm\simple-debug\link.6732-cvtres.read.1.tlog
X:\Dropbox\SGM\sgm\sgm\simple-debug\link.6732-cvtres.write.1.tlog
X:\Dropbox\SGM\sgm\sgm\simple-debug\link.6732-rc.read.1.tlog
X:\Dropbox\SGM\sgm\sgm\simple-debug\link.6732-rc.write.1.tlog
X:\Dropbox\SGM\sgm\sgm\simple-debug\link.6732.read.1.tlog
X:\Dropbox\SGM\sgm\sgm\simple-debug\link.6732.write.1.tlog
X:\Dropbox\SGM\sgm\sgm\simple-debug\link.6780-cvtres.read.1.tlog
X:\Dropbox\SGM\sgm\sgm\simple-debug\link.6780-cvtres.write.1.tlog
X:\Dropbox\SGM\sgm\sgm\simple-debug\link.6780-rc.read.1.tlog
X:\Dropbox\SGM\sgm\sgm\simple-debug\link.6780-rc.write.1.tlog
X:\Dropbox\SGM\sgm\sgm\simple-debug\link.6780.read.1.tlog
X:\Dropbox\SGM\sgm\sgm\simple-debug\link.6780.write.1.tlog
X:\Dropbox\SGM\sgm\sgm\simple-debug\link.6784-cvtres.read.1.tlog
X:\Dropbox\SGM\sgm\sgm\simple-debug\link.6784-cvtres.write.1.tlog
X:\Dropbox\SGM\sgm\sgm\simple-debug\link.6784-rc.read.1.tlog
X:\Dropbox\SGM\sgm\sgm\simple-debug\link.6784-rc.write.1.tlog
X:\Dropbox\SGM\sgm\sgm\simple-debug\link.6784.read.1.tlog
X:\Dropbox\SGM\sgm\sgm\simple-debug\link.6784.write.1.tlog
X:\Dropbox\SGM\sgm\sgm\simple-debug\link.6788-cvtres.read.1.tlog
X:\Dropbox\SGM\sgm\sgm\simple-debug\link.6788-cvtres.write.1.tlog
X:\Dropbox\SGM\sgm\sgm\simple-debug\link.6788-rc.read.1.tlog
X:\Dropbox\SGM\sgm\sgm\simple-debug\link.6788-rc.write.1.tlog
X:\Dropbox\SGM\sgm\sgm\simple-debug\link.6788.read.1.tlog
X:\Dropbox\SGM\sgm\sgm\simple-debug\link.6788.write.1.tlog
X:\Dropbox\SGM\sgm\sgm\simple-debug\link.6812-cvtres.read.1.tlog
X:\Dropbox\SGM\sgm\sgm\simple-debug\link.6812-cvtres.write.1.tlog
X:\Dropbox\SGM\sgm\sgm\simple-debug\link.6812-rc.read.1.tlog
X:\Dropbox\SGM\sgm\sgm\simple-debug\link.6812-rc.write.1.tlog
X:\Dropbox\SGM\sgm\sgm\simple-debug\link.6812.read.1.tlog
X:\Dropbox\SGM\sgm\sgm\simple-debug\link.6812.write.1.tlog
X:\Dropbox\SGM\sgm\sgm\simple-debug\link.6840-cvtres.read.1.tlog
X:\Dropbox\SGM\sgm\sgm\simple-debug\link.6840-cvtres.write.1.tlog
X:\Dropbox\SGM\sgm\sgm\simple-debug\link.6840-rc.read.1.tlog
X:\Dropbox\SGM\sgm\sgm\simple-debug\link.6840-rc.write.1.tlog
X:\Dropbox\SGM\sgm\sgm\simple-debug\link.6840.read.1.tlog
X:\Dropbox\SGM\sgm\sgm\simple-debug\link.6840.write.1.tlog
X:\Dropbox\SGM\sgm\sgm\simple-debug\link.6860-cvtres.read.1.tlog
X:\Dropbox\SGM\sgm\sgm\simple-debug\link.6860-cvtres.write.1.tlog
X:\Dropbox\SGM\sgm\sgm\simple-debug\link.6860-rc.read.1.tlog
X:\Dropbox\SGM\sgm\sgm\simple-debug\link.6860-rc.write.1.tlog
X:\Dropbox\SGM\sgm\sgm\simple-debug\link.6860.read.1.tlog
X:\Dropbox\SGM\sgm\sgm\simple-debug\link.6860.write.1.tlog
X:\Dropbox\SGM\sgm\sgm\simple-debug\link.6920-cvtres.read.1.tlog
X:\Dropbox\SGM\sgm\sgm\simple-debug\link.6920-cvtres.write.1.tlog
X:\Dropbox\SGM\sgm\sgm\simple-debug\link.6920-rc.read.1.tlog
X:\Dropbox\SGM\sgm\sgm\simple-debug\link.6920-rc.write.1.tlog
X:\Dropbox\SGM\sgm\sgm\simple-debug\link.6920.read.1.tlog
X:\Dropbox\SGM\sgm\sgm\simple-debug\link.6920.write.1.tlog
X:\Dropbox\SGM\sgm\sgm\simple-debug\link.6948-cvtres.read.1.tlog
X:\Dropbox\SGM\sgm\sgm\simple-debug\link.6948-cvtres.write.1.tlog
X:\Dropbox\SGM\sgm\sgm\simple-debug\link.6948-rc.read.1.tlog
X:\Dropbox\SGM\sgm\sgm\simple-debug\link.6948-rc.write.1.tlog
X:\Dropbox\SGM\sgm\sgm\simple-debug\link.6948.read.1.tlog
X:\Dropbox\SGM\sgm\sgm\simple-debug\link.6948.write.1.tlog
X:\Dropbox\SGM\sgm\sgm\simple-debug\link.6968-cvtres.read.1.tlog
X:\Dropbox\SGM\sgm\sgm\simple-debug\link.6968-cvtres.write.1.tlog
X:\Dropbox\SGM\sgm\sgm\simple-debug\link.6968-rc.read.1.tlog
X:\Dropbox\SGM\sgm\sgm\simple-debug\link.6968-rc.write.1.tlog
X:\Dropbox\SGM\sgm\sgm\simple-debug\link.6968.read.1.tlog
X:\Dropbox\SGM\sgm\sgm\simple-debug\link.6968.write.1.tlog
X:\Dropbox\SGM\sgm\sgm\simple-debug\link.7016-cvtres.read.1.tlog
X:\Dropbox\SGM\sgm\sgm\simple-debug\link.7016-cvtres.write.1.tlog
X:\Dropbox\SGM\sgm\sgm\simple-debug\link.7016-rc.read.1.tlog
X:\Dropbox\SGM\sgm\sgm\simple-debug\link.7016-rc.write.1.tlog
X:\Dropbox\SGM\sgm\sgm\simple-debug\link.7016.read.1.tlog
X:\Dropbox\SGM\sgm\sgm\simple-debug\link.7016.write.1.tlog
X:\Dropbox\SGM\sgm\sgm\simple-debug\link.7092-cvtres.read.1.tlog
X:\Dropbox\SGM\sgm\sgm\simple-debug\link.7092-cvtres.write.1.tlog
X:\Dropbox\SGM\sgm\sgm\simple-debug\link.7092-rc.read.1.tlog
X:\Dropbox\SGM\sgm\sgm\simple-debug\link.7092-rc.write.1.tlog
X:\Dropbox\SGM\sgm\sgm\simple-debug\link.7092.read.1.tlog
X:\Dropbox\SGM\sgm\sgm\simple-debug\link.7092.write.1.tlog
X:\Dropbox\SGM\sgm\sgm\simple-debug\link.712-cvtres.read.1.tlog
X:\Dropbox\SGM\sgm\sgm\simple-debug\link.712-cvtres.write.1.tlog
X:\Dropbox\SGM\sgm\sgm\simple-debug\link.712-rc.read.1.tlog
X:\Dropbox\SGM\sgm\sgm\simple-debug\link.712-rc.write.1.tlog
X:\Dropbox\SGM\sgm\sgm\simple-debug\link.712.read.1.tlog
X:\Dropbox\SGM\sgm\sgm\simple-debug\link.712.write.1.tlog
X:\Dropbox\SGM\sgm\sgm\simple-debug\link.7132-cvtres.read.1.tlog
X:\Dropbox\SGM\sgm\sgm\simple-debug\link.7132-cvtres.write.1.tlog
X:\Dropbox\SGM\sgm\sgm\simple-debug\link.7132-rc.read.1.tlog
X:\Dropbox\SGM\sgm\sgm\simple-debug\link.7132-rc.write.1.tlog
X:\Dropbox\SGM\sgm\sgm\simple-debug\link.7132.read.1.tlog
X:\Dropbox\SGM\sgm\sgm\simple-debug\link.7132.write.1.tlog
X:\Dropbox\SGM\sgm\sgm\simple-debug\link.7188-cvtres.read.1.tlog
X:\Dropbox\SGM\sgm\sgm\simple-debug\link.7188-cvtres.write.1.tlog
X:\Dropbox\SGM\sgm\sgm\simple-debug\link.7188-rc.read.1.tlog
X:\Dropbox\SGM\sgm\sgm\simple-debug\link.7188-rc.write.1.tlog
X:\Dropbox\SGM\sgm\sgm\simple-debug\link.7188.read.1.tlog
X:\Dropbox\SGM\sgm\sgm\simple-debug\link.7188.write.1.tlog
X:\Dropbox\SGM\sgm\sgm\simple-debug\link.7248-cvtres.read.1.tlog
X:\Dropbox\SGM\sgm\sgm\simple-debug\link.7248-cvtres.write.1.tlog
X:\Dropbox\SGM\sgm\sgm\simple-debug\link.7248-rc.read.1.tlog
X:\Dropbox\SGM\sgm\sgm\simple-debug\link.7248-rc.write.1.tlog
X:\Dropbox\SGM\sgm\sgm\simple-debug\link.7248.read.1.tlog
X:\Dropbox\SGM\sgm\sgm\simple-debug\link.7248.write.1.tlog
X:\Dropbox\SGM\sgm\sgm\simple-debug\link.7296-cvtres.read.1.tlog
X:\Dropbox\SGM\sgm\sgm\simple-debug\link.7296-cvtres.write.1.tlog
X:\Dropbox\SGM\sgm\sgm\simple-debug\link.7296-rc.read.1.tlog
X:\Dropbox\SGM\sgm\sgm\simple-debug\link.7296-rc.write.1.tlog
X:\Dropbox\SGM\sgm\sgm\simple-debug\link.7296.read.1.tlog
X:\Dropbox\SGM\sgm\sgm\simple-debug\link.7296.write.1.tlog
X:\Dropbox\SGM\sgm\sgm\simple-debug\link.7420-cvtres.read.1.tlog
X:\Dropbox\SGM\sgm\sgm\simple-debug\link.7420-cvtres.write.1.tlog
X:\Dropbox\SGM\sgm\sgm\simple-debug\link.7420-rc.read.1.tlog
X:\Dropbox\SGM\sgm\sgm\simple-debug\link.7420-rc.write.1.tlog
X:\Dropbox\SGM\sgm\sgm\simple-debug\link.7420.read.1.tlog
X:\Dropbox\SGM\sgm\sgm\simple-debug\link.7420.write.1.tlog
X:\Dropbox\SGM\sgm\sgm\simple-debug\link.7432-cvtres.read.1.tlog
X:\Dropbox\SGM\sgm\sgm\simple-debug\link.7432-cvtres.write.1.tlog
X:\Dropbox\SGM\sgm\sgm\simple-debug\link.7432-rc.read.1.tlog
X:\Dropbox\SGM\sgm\sgm\simple-debug\link.7432-rc.write.1.tlog
X:\Dropbox\SGM\sgm\sgm\simple-debug\link.7432.read.1.tlog
X:\Dropbox\SGM\sgm\sgm\simple-debug\link.7432.write.1.tlog
X:\Dropbox\SGM\sgm\sgm\simple-debug\link.7460-cvtres.read.1.tlog
X:\Dropbox\SGM\sgm\sgm\simple-debug\link.7460-cvtres.write.1.tlog
X:\Dropbox\SGM\sgm\sgm\simple-debug\link.7460-rc.read.1.tlog
X:\Dropbox\SGM\sgm\sgm\simple-debug\link.7460-rc.write.1.tlog
X:\Dropbox\SGM\sgm\sgm\simple-debug\link.7460.read.1.tlog
X:\Dropbox\SGM\sgm\sgm\simple-debug\link.7460.write.1.tlog
X:\Dropbox\SGM\sgm\sgm\simple-debug\link.7528-cvtres.read.1.tlog
X:\Dropbox\SGM\sgm\sgm\simple-debug\link.7528-cvtres.write.1.tlog
X:\Dropbox\SGM\sgm\sgm\simple-debug\link.7528-rc.read.1.tlog
X:\Dropbox\SGM\sgm\sgm\simple-debug\link.7528-rc.write.1.tlog
X:\Dropbox\SGM\sgm\sgm\simple-debug\link.7528.read.1.tlog
X:\Dropbox\SGM\sgm\sgm\simple-debug\link.7528.write.1.tlog
X:\Dropbox\SGM\sgm\sgm\simple-debug\link.7540-cvtres.read.1.tlog
X:\Dropbox\SGM\sgm\sgm\simple-debug\link.7540-cvtres.write.1.tlog
X:\Dropbox\SGM\sgm\sgm\simple-debug\link.7540-rc.read.1.tlog
X:\Dropbox\SGM\sgm\sgm\simple-debug\link.7540-rc.write.1.tlog
X:\Dropbox\SGM\sgm\sgm\simple-debug\link.7540.read.1.tlog
X:\Dropbox\SGM\sgm\sgm\simple-debug\link.7540.write.1.tlog
X:\Dropbox\SGM\sgm\sgm\simple-debug\link.7676-cvtres.read.1.tlog
X:\Dropbox\SGM\sgm\sgm\simple-debug\link.7676-cvtres.write.1.tlog
X:\Dropbox\SGM\sgm\sgm\simple-debug\link.7676-rc.read.1.tlog
X:\Dropbox\SGM\sgm\sgm\simple-debug\link.7676-rc.write.1.tlog
X:\Dropbox\SGM\sgm\sgm\simple-debug\link.7676.read.1.tlog
X:\Dropbox\SGM\sgm\sgm\simple-debug\link.7676.write.1.tlog
X:\Dropbox\SGM\sgm\sgm\simple-debug\link.7680-cvtres.read.1.tlog
X:\Dropbox\SGM\sgm\sgm\simple-debug\link.7680-cvtres.write.1.tlog
X:\Dropbox\SGM\sgm\sgm\simple-debug\link.7680-rc.read.1.tlog
X:\Dropbox\SGM\sgm\sgm\simple-debug\link.7680-rc.write.1.tlog
X:\Dropbox\SGM\sgm\sgm\simple-debug\link.7680.read.1.tlog
X:\Dropbox\SGM\sgm\sgm\simple-debug\link.7680.write.1.tlog
X:\Dropbox\SGM\sgm\sgm\simple-debug\link.7740-cvtres.read.1.tlog
X:\Dropbox\SGM\sgm\sgm\simple-debug\link.7740-cvtres.write.1.tlog
X:\Dropbox\SGM\sgm\sgm\simple-debug\link.7740-rc.read.1.tlog
X:\Dropbox\SGM\sgm\sgm\simple-debug\link.7740-rc.write.1.tlog
X:\Dropbox\SGM\sgm\sgm\simple-debug\link.7740.read.1.tlog
X:\Dropbox\SGM\sgm\sgm\simple-debug\link.7740.write.1.tlog
X:\Dropbox\SGM\sgm\sgm\simple-debug\link.7748-cvtres.read.1.tlog
X:\Dropbox\SGM\sgm\sgm\simple-debug\link.7748-cvtres.write.1.tlog
X:\Dropbox\SGM\sgm\sgm\simple-debug\link.7748-rc.read.1.tlog
X:\Dropbox\SGM\sgm\sgm\simple-debug\link.7748-rc.write.1.tlog
X:\Dropbox\SGM\sgm\sgm\simple-debug\link.7748.read.1.tlog
X:\Dropbox\SGM\sgm\sgm\simple-debug\link.7748.write.1.tlog
X:\Dropbox\SGM\sgm\sgm\simple-debug\link.776-cvtres.read.1.tlog
X:\Dropbox\SGM\sgm\sgm\simple-debug\link.776-cvtres.write.1.tlog
X:\Dropbox\SGM\sgm\sgm\simple-debug\link.776-rc.read.1.tlog
X:\Dropbox\SGM\sgm\sgm\simple-debug\link.776-rc.write.1.tlog
X:\Dropbox\SGM\sgm\sgm\simple-debug\link.776.read.1.tlog
X:\Dropbox\SGM\sgm\sgm\simple-debug\link.776.write.1.tlog
X:\Dropbox\SGM\sgm\sgm\simple-debug\link.788-cvtres.read.1.tlog
X:\Dropbox\SGM\sgm\sgm\simple-debug\link.788-cvtres.write.1.tlog
X:\Dropbox\SGM\sgm\sgm\simple-debug\link.788-rc.read.1.tlog
X:\Dropbox\SGM\sgm\sgm\simple-debug\link.788-rc.write.1.tlog
X:\Dropbox\SGM\sgm\sgm\simple-debug\link.788.read.1.tlog
X:\Dropbox\SGM\sgm\sgm\simple-debug\link.788.write.1.tlog
X:\Dropbox\SGM\sgm\sgm\simple-debug\link.7888-cvtres.read.1.tlog
X:\Dropbox\SGM\sgm\sgm\simple-debug\link.7888-cvtres.write.1.tlog
X:\Dropbox\SGM\sgm\sgm\simple-debug\link.7888-rc.read.1.tlog
X:\Dropbox\SGM\sgm\sgm\simple-debug\link.7888-rc.write.1.tlog
X:\Dropbox\SGM\sgm\sgm\simple-debug\link.7888.read.1.tlog
X:\Dropbox\SGM\sgm\sgm\simple-debug\link.7888.write.1.tlog
X:\Dropbox\SGM\sgm\sgm\simple-debug\link.7956-cvtres.read.1.tlog
X:\Dropbox\SGM\sgm\sgm\simple-debug\link.7956-cvtres.write.1.tlog
X:\Dropbox\SGM\sgm\sgm\simple-debug\link.7956-rc.read.1.tlog
X:\Dropbox\SGM\sgm\sgm\simple-debug\link.7956-rc.write.1.tlog
X:\Dropbox\SGM\sgm\sgm\simple-debug\link.7956.read.1.tlog
X:\Dropbox\SGM\sgm\sgm\simple-debug\link.7956.write.1.tlog
X:\Dropbox\SGM\sgm\sgm\simple-debug\link.7980-cvtres.read.1.tlog
X:\Dropbox\SGM\sgm\sgm\simple-debug\link.7980-cvtres.write.1.tlog
X:\Dropbox\SGM\sgm\sgm\simple-debug\link.7980-rc.read.1.tlog
X:\Dropbox\SGM\sgm\sgm\simple-debug\link.7980-rc.write.1.tlog
X:\Dropbox\SGM\sgm\sgm\simple-debug\link.7980.read.1.tlog
X:\Dropbox\SGM\sgm\sgm\simple-debug\link.7980.write.1.tlog
X:\Dropbox\SGM\sgm\sgm\simple-debug\link.7984-cvtres.read.1.tlog
X:\Dropbox\SGM\sgm\sgm\simple-debug\link.7984-cvtres.write.1.tlog
X:\Dropbox\SGM\sgm\sgm\simple-debug\link.7984-rc.read.1.tlog
X:\Dropbox\SGM\sgm\sgm\simple-debug\link.7984-rc.write.1.tlog
X:\Dropbox\SGM\sgm\sgm\simple-debug\link.7984.read.1.tlog
X:\Dropbox\SGM\sgm\sgm\simple-debug\link.7984.write.1.tlog
X:\Dropbox\SGM\sgm\sgm\simple-debug\link.8060-cvtres.read.1.tlog
X:\Dropbox\SGM\sgm\sgm\simple-debug\link.8060-cvtres.write.1.tlog
X:\Dropbox\SGM\sgm\sgm\simple-debug\link.8060-rc.read.1.tlog
X:\Dropbox\SGM\sgm\sgm\simple-debug\link.8060-rc.write.1.tlog
X:\Dropbox\SGM\sgm\sgm\simple-debug\link.8060.read.1.tlog
X:\Dropbox\SGM\sgm\sgm\simple-debug\link.8060.write.1.tlog
X:\Dropbox\SGM\sgm\sgm\simple-debug\link.8072-cvtres.read.1.tlog
X:\Dropbox\SGM\sgm\sgm\simple-debug\link.8072-cvtres.write.1.tlog
X:\Dropbox\SGM\sgm\sgm\simple-debug\link.8072-rc.read.1.tlog
X:\Dropbox\SGM\sgm\sgm\simple-debug\link.8072-rc.write.1.tlog
X:\Dropbox\SGM\sgm\sgm\simple-debug\link.8072.read.1.tlog
X:\Dropbox\SGM\sgm\sgm\simple-debug\link.8072.write.1.tlog
X:\Dropbox\SGM\sgm\sgm\simple-debug\link.8088-cvtres.read.1.tlog
X:\Dropbox\SGM\sgm\sgm\simple-debug\link.8088-cvtres.write.1.tlog
X:\Dropbox\SGM\sgm\sgm\simple-debug\link.8088-rc.read.1.tlog
X:\Dropbox\SGM\sgm\sgm\simple-debug\link.8088-rc.write.1.tlog
X:\Dropbox\SGM\sgm\sgm\simple-debug\link.8088.read.1.tlog
X:\Dropbox\SGM\sgm\sgm\simple-debug\link.8088.write.1.tlog
X:\Dropbox\SGM\sgm\sgm\simple-debug\link.968-cvtres.read.1.tlog
X:\Dropbox\SGM\sgm\sgm\simple-debug\link.968-cvtres.write.1.tlog
X:\Dropbox\SGM\sgm\sgm\simple-debug\link.968-rc.read.1.tlog
X:\Dropbox\SGM\sgm\sgm\simple-debug\link.968-rc.write.1.tlog
X:\Dropbox\SGM\sgm\sgm\simple-debug\link.968.read.1.tlog
X:\Dropbox\SGM\sgm\sgm\simple-debug\link.968.write.1.tlog
X:\Dropbox\SGM\sgm\sgm\simple-debug\link.command.1.tlog
X:\Dropbox\SGM\sgm\sgm\simple-debug\link.read.1.tlog
X:\Dropbox\SGM\sgm\sgm\simple-debug\link.write.1.tlog
X:\Dropbox\SGM\sgm\simple-debug\sgm.pdb
X:\Dropbox\SGM\sgm\simple-debug\sgm.exe
