This is pdfTeX, Version 3.1415926-2.4-1.40.13 (MiKTeX 2.9) (preloaded format=latex 2013.5.30)  31 MAY 2013 00:30
entering extended mode
**thesis.tex
(X:\Dropbox\SGM\latex\main\thesis.tex
LaTeX2e <2011/06/27>
Babel <v3.8m> and hyphenation patterns for english, afrikaans, ancientgreek, ar
abic, armenian, assamese, basque, bengali, bokmal, bulgarian, catalan, coptic, 
croatian, czech, danish, dutch, esperanto, estonian, farsi, finnish, french, ga
lician, german, german-x-2012-05-30, greek, gujarati, hindi, hungarian, iceland
ic, indonesian, interlingua, irish, italian, kannada, kurmanji, latin, latvian,
 lithuanian, malayalam, marathi, mongolian, mongolianlmc, monogreek, ngerman, n
german-x-2012-05-30, nynorsk, oriya, panjabi, pinyin, polish, portuguese, roman
ian, russian, sanskrit, serbian, slovak, slovenian, spanish, swedish, swissgerm
an, tamil, telugu, turkish, turkmen, ukenglish, ukrainian, uppersorbian, usengl
ishmax, welsh, loaded.
("C:\Program Files (x86)\MiKTeX 2.9\tex\latex\base\report.cls"
Document Class: report 2007/10/19 v1.4h Standard LaTeX document class
("C:\Program Files (x86)\MiKTeX 2.9\tex\latex\base\leqno.clo"
File: leqno.clo 1998/08/17 v1.1c Standard LaTeX option (left equation numbers)
)
("C:\Program Files (x86)\MiKTeX 2.9\tex\latex\base\size10.clo"
File: size10.clo 2007/10/19 v1.4h Standard LaTeX file (size option)
)
\c@part=\count79
\c@chapter=\count80
\c@section=\count81
\c@subsection=\count82
\c@subsubsection=\count83
\c@paragraph=\count84
\c@subparagraph=\count85
\c@figure=\count86
\c@table=\count87
\abovecaptionskip=\skip41
\belowcaptionskip=\skip42
\bibindent=\dimen102
)
("C:\Program Files (x86)\MiKTeX 2.9\tex\latex\base\fontenc.sty"
Package: fontenc 2005/09/27 v1.99g Standard LaTeX package

("C:\Program Files (x86)\MiKTeX 2.9\tex\latex\cyrillic\t2aenc.def"
File: t2aenc.def 2005/09/27 v1.0i Cyrillic encoding definition file
)
LaTeX Font Info:    Try loading font information for T2A+cmr on input line 100.


("C:\Program Files (x86)\MiKTeX 2.9\tex\latex\cyrillic\t2acmr.fd"
File: t2acmr.fd 2001/08/11 v1.0a Computer Modern Cyrillic font definitions
))
("C:\Program Files (x86)\MiKTeX 2.9\tex\latex\base\inputenc.sty"
Package: inputenc 2008/03/30 v1.1d Input encoding file
\inpenc@prehook=\toks14
\inpenc@posthook=\toks15

("C:\Program Files (x86)\MiKTeX 2.9\tex\latex\cyrillic\cp1251.def"
File: cp1251.def 1999/11/16 v1.0d Input encoding file
))
("C:\Program Files (x86)\MiKTeX 2.9\tex\generic\babel\babel.sty"
Package: babel 2008/07/08 v3.8m The Babel package

*************************************
* Local config file bblopts.cfg used
*
("C:\Program Files (x86)\MiKTeX 2.9\tex\latex\00miktex\bblopts.cfg"
File: bblopts.cfg 2006/07/31 v1.0 MiKTeX 'babel' configuration
)
("C:\Program Files (x86)\MiKTeX 2.9\tex\generic\babel\english.ldf"
Language: english 2005/03/30 v3.3o English support from the babel system

("C:\Program Files (x86)\MiKTeX 2.9\tex\generic\babel\babel.def"
File: babel.def 2008/07/08 v3.8m Babel common definitions
\babel@savecnt=\count88
\U@D=\dimen103
)
\l@canadian = a dialect from \language\l@american 
\l@australian = a dialect from \language\l@british 
\l@newzealand = a dialect from \language\l@british 
)
("C:\Program Files (x86)\MiKTeX 2.9\tex\generic\babel\russianb.ldf"
Language: russianb 2008/03/21 v1.1r Russian support from the babel system
Package babel Info: Making " an active character on input line 199.
))
("C:\Program Files (x86)\MiKTeX 2.9\tex\latex\expdlist\expdlist.sty"
Document Substyle `EXPDLIST'. Released 22.09.1999 (V 2.4)
English Documentation  22.09.99
\listpartsep=\skip43
) ("C:\Program Files (x86)\MiKTeX 2.9\tex\latex\graphics\graphicx.sty"
Package: graphicx 1999/02/16 v1.0f Enhanced LaTeX Graphics (DPC,SPQR)

("C:\Program Files (x86)\MiKTeX 2.9\tex\latex\graphics\keyval.sty"
Package: keyval 1999/03/16 v1.13 key=value parser (DPC)
\KV@toks@=\toks16
)
("C:\Program Files (x86)\MiKTeX 2.9\tex\latex\graphics\graphics.sty"
Package: graphics 2009/02/05 v1.0o Standard LaTeX Graphics (DPC,SPQR)

("C:\Program Files (x86)\MiKTeX 2.9\tex\latex\graphics\trig.sty"
Package: trig 1999/03/16 v1.09 sin cos tan (DPC)
)
("C:\Program Files (x86)\MiKTeX 2.9\tex\latex\00miktex\graphics.cfg"
File: graphics.cfg 2007/01/18 v1.5 graphics configuration of teTeX/TeXLive
)
Package graphics Info: Driver file: dvips.def on input line 91.

("C:\Program Files (x86)\MiKTeX 2.9\tex\latex\graphics\dvips.def"
File: dvips.def 1999/02/16 v3.0i Driver-dependant file (DPC,SPQR)
))
\Gin@req@height=\dimen104
\Gin@req@width=\dimen105
)
("C:\Program Files (x86)\MiKTeX 2.9\tex\latex\amsmath\amsmath.sty"
Package: amsmath 2013/01/14 v2.14 AMS math features
\@mathmargin=\skip44

For additional information on amsmath, use the `?' option.
("C:\Program Files (x86)\MiKTeX 2.9\tex\latex\amsmath\amstext.sty"
Package: amstext 2000/06/29 v2.01

("C:\Program Files (x86)\MiKTeX 2.9\tex\latex\amsmath\amsgen.sty"
File: amsgen.sty 1999/11/30 v2.0
\@emptytoks=\toks17
\ex@=\dimen106
))
("C:\Program Files (x86)\MiKTeX 2.9\tex\latex\amsmath\amsbsy.sty"
Package: amsbsy 1999/11/29 v1.2d
\pmbraise@=\dimen107
)
("C:\Program Files (x86)\MiKTeX 2.9\tex\latex\amsmath\amsopn.sty"
Package: amsopn 1999/12/14 v2.01 operator names
)
\inf@bad=\count89
LaTeX Info: Redefining \frac on input line 210.
\uproot@=\count90
\leftroot@=\count91
LaTeX Info: Redefining \overline on input line 306.
\classnum@=\count92
\DOTSCASE@=\count93
LaTeX Info: Redefining \ldots on input line 378.
LaTeX Info: Redefining \dots on input line 381.
LaTeX Info: Redefining \cdots on input line 466.
\Mathstrutbox@=\box26
\strutbox@=\box27
\big@size=\dimen108
LaTeX Font Info:    Redeclaring font encoding OML on input line 566.
LaTeX Font Info:    Redeclaring font encoding OMS on input line 567.
\macc@depth=\count94
\c@MaxMatrixCols=\count95
\dotsspace@=\muskip10
\c@parentequation=\count96
\dspbrk@lvl=\count97
\tag@help=\toks18
\row@=\count98
\column@=\count99
\maxfields@=\count100
\andhelp@=\toks19
\eqnshift@=\dimen109
\alignsep@=\dimen110
\tagshift@=\dimen111
\tagwidth@=\dimen112
\totwidth@=\dimen113
\lineht@=\dimen114
\@envbody=\toks20
\multlinegap=\skip45
\multlinetaggap=\skip46
\mathdisplay@stack=\toks21
LaTeX Info: Redefining \[ on input line 2665.
LaTeX Info: Redefining \] on input line 2666.
)
("C:\Program Files (x86)\MiKTeX 2.9\tex\latex\amsfonts\amssymb.sty"
Package: amssymb 2013/01/14 v3.01 AMS font symbols

("C:\Program Files (x86)\MiKTeX 2.9\tex\latex\amsfonts\amsfonts.sty"
Package: amsfonts 2013/01/14 v3.01 Basic AMSFonts support
\symAMSa=\mathgroup4
\symAMSb=\mathgroup5
LaTeX Font Info:    Overwriting math alphabet `\mathfrak' in version `bold'
(Font)                  U/euf/m/n --> U/euf/b/n on input line 106.
))
("C:\Program Files (x86)\MiKTeX 2.9\tex\latex\amscls\amsthm.sty"
Package: amsthm 2004/08/06 v2.20
\thm@style=\toks22
\thm@bodyfont=\toks23
\thm@headfont=\toks24
\thm@notefont=\toks25
\thm@headpunct=\toks26
\thm@preskip=\skip47
\thm@postskip=\skip48
\thm@headsep=\skip49
\dth@everypar=\toks27
)
("C:\Program Files (x86)\MiKTeX 2.9\tex\latex\amsmath\amsxtra.sty"
Package: amsxtra 1999/11/15 v1.2c
LaTeX Info: Redefining \nobreakspace on input line 65.
)
(X:\Dropbox\SGM\latex\main\sty/dbl12.sty)
("C:\Program Files (x86)\MiKTeX 2.9\tex\latex\srcltx\srcltx.sty"
Package: srcltx 2006/11/12 v1.6 Source specials for inverse search in DVI files


("C:\Program Files (x86)\MiKTeX 2.9\tex\latex\base\ifthen.sty"
Package: ifthen 2001/05/26 v1.1c Standard LaTeX ifthen package (DPC)
)
\src@lastline=\count101
\src@new@everypar=\toks28
\src@new@output=\toks29
)
("C:\Program Files (x86)\MiKTeX 2.9\tex\latex\graphics\epsfig.sty"
Package: epsfig 1999/02/16 v1.7a (e)psfig emulation (SPQR)
\epsfxsize=\dimen115
\epsfysize=\dimen116
)
("C:\Program Files (x86)\MiKTeX 2.9\tex\latex\tools\verbatim.sty"
Package: verbatim 2003/08/22 v1.5q LaTeX2e package for verbatim enhancements
\every@verbatim=\toks30
\verbatim@line=\toks31
\verbatim@in@stream=\read1
)
(X:\Dropbox\SGM\latex\main\sty/rac.sty
\thelinewidth=\skip50
\c@anything=\count102
\c@map=\count103
\c@appendix=\count104
) (X:\Dropbox\SGM\latex\main\sty/ralg.sty ("C:\Program Files (x86)\MiKTeX 2.9\t
ex\latex\float\float.sty"
Package: float 2001/11/08 v1.3d Float enhancements (AL)
\c@float@type=\count105
\float@exts=\toks32
\float@box=\box28
\@float@everytoks=\toks33
\@floatcapt=\box29
)
\algleftmarginwidth=\skip51
\algrightmarginwidth=\skip52
\alglinenowidth=\skip53
\algtabwidth=\skip54
\alg@fromleft=\skip55
\alg@tmplen=\skip56
\alg@tmpbox=\box30
\c@alg@inmargin=\count106
\c@algline=\count107
\@float@every@algorithmfloat=\toks34
\c@algorithmfloat=\count108
)
("C:\Program Files (x86)\MiKTeX 2.9\tex\latex\listings\listings.sty"
\lst@mode=\count109
\lst@gtempboxa=\box31
\lst@token=\toks35
\lst@length=\count110
\lst@currlwidth=\dimen117
\lst@column=\count111
\lst@pos=\count112
\lst@lostspace=\dimen118
\lst@width=\dimen119
\lst@newlines=\count113
\lst@lineno=\count114
\lst@maxwidth=\dimen120

("C:\Program Files (x86)\MiKTeX 2.9\tex\latex\listings\lstmisc.sty"
File: lstmisc.sty 2007/02/22 1.4 (Carsten Heinz)
\c@lstnumber=\count115
\lst@skipnumbers=\count116
\lst@framebox=\box32
)
("C:\Program Files (x86)\MiKTeX 2.9\tex\latex\listings\listings.cfg"
File: listings.cfg 2007/02/22 1.4 listings configuration
))
Package: listings 2007/02/22 1.4 (Carsten Heinz)
\c@theorem=\count117

:<+ header.tex
\@input{header.aux}
No file header.tex.
:<-
(X:\Dropbox\SGM\latex\main\thesis.aux)
LaTeX Font Info:    Checking defaults for OML/cmm/m/it on input line 95.
LaTeX Font Info:    ... okay on input line 95.
LaTeX Font Info:    Checking defaults for T1/cmr/m/n on input line 95.
LaTeX Font Info:    ... okay on input line 95.
LaTeX Font Info:    Checking defaults for OT1/cmr/m/n on input line 95.
LaTeX Font Info:    ... okay on input line 95.
LaTeX Font Info:    Checking defaults for OMS/cmsy/m/n on input line 95.
LaTeX Font Info:    ... okay on input line 95.
LaTeX Font Info:    Checking defaults for OMX/cmex/m/n on input line 95.
LaTeX Font Info:    ... okay on input line 95.
LaTeX Font Info:    Checking defaults for U/cmr/m/n on input line 95.
LaTeX Font Info:    ... okay on input line 95.
LaTeX Font Info:    Checking defaults for T2A/cmr/m/n on input line 95.
LaTeX Font Info:    ... okay on input line 95.
LaTeX Font Info:    Try loading font information for T2A+fjn on input line 95.
LaTeX Font Info:    No file T2Afjn.fd. on input line 95.


LaTeX Font Warning: Font shape `T2A/fjn/m/n' undefined
(Font)              using `T2A/cmr/m/n' instead on input line 95.

\c@lstlisting=\count118
LaTeX Font Info:    Try loading font information for T2A+cmss on input line 112
.
("C:\Program Files (x86)\MiKTeX 2.9\tex\latex\cyrillic\t2acmss.fd"
File: t2acmss.fd 2001/08/11 v1.0a Computer Modern Cyrillic font definitions
) [1




]

LaTeX Font Warning: Font shape `T2A/fjn/bx/n' undefined
(Font)              using `T2A/fjn/m/n' instead on input line 154.

(X:\Dropbox\SGM\latex\main\thesis.toc
LaTeX Font Info:    Try loading font information for OT1+fjn on input line 1.
LaTeX Font Info:    No file OT1fjn.fd. on input line 1.


LaTeX Font Warning: Font shape `OT1/fjn/m/n' undefined
(Font)              using `OT1/cmr/m/n' instead on input line 1.

LaTeX Font Info:    Try loading font information for U+msa on input line 2.
("C:\Program Files (x86)\MiKTeX 2.9\tex\latex\amsfonts\umsa.fd"
File: umsa.fd 2013/01/14 v3.01 AMS symbols A
)
LaTeX Font Info:    Try loading font information for U+msb on input line 2.

("C:\Program Files (x86)\MiKTeX 2.9\tex\latex\amsfonts\umsb.fd"
File: umsb.fd 2013/01/14 v3.01 AMS symbols B
)

LaTeX Font Warning: Font shape `T2A/fjn/m/it' undefined
(Font)              using `T2A/fjn/m/n' instead on input line 9.

[2])
\tf@toc=\write3
 [3]
Package srcltx Info: Expanded filename `parts/intro.tex' to `parts/intro.tex' o
n input line 179.

:<+ parts/intro.tex
(X:\Dropbox\SGM\latex\main\parts/intro.tex)
:<-
Package srcltx Info: Expanded filename `parts/chapter1.tex' to `parts/chapter1.
tex' on input line 180.
:<+ parts/chapter1.tex
(X:\Dropbox\SGM\latex\main\parts/chapter1.tex [4

]
\IeC {\CYRG }\IeC {\cyrl }\IeC {\cyra }\IeC {\cyrv }\IeC {\cyra } 1.
LaTeX Font Info:    Try loading font information for OMS+fjn on input line 13.
LaTeX Font Info:    No file OMSfjn.fd. on input line 13.

LaTeX Font Warning: Font shape `OMS/fjn/m/n' undefined
(Font)              using `OMS/cmsy/m/n' instead
(Font)              for symbol `textbullet' on input line 13.

Package srcltx Info: Expanded filename `parts/1/semantics.tex' to `parts/1/sema
ntics.tex' on input line 17.
:<+ parts/1/semantics.tex
(X:\Dropbox\SGM\latex\main\parts/1/semantics.tex [5

]
Underfull \hbox (badness 10000) in paragraph at lines 35--44
[][]\T2A/fjn/m/it/14.4 –ассмотрим се-ман-ти-ку, ис-поль-зу-е-мую в сред-стве I-
Logix
 []


Underfull \hbox (badness 1259) in paragraph at lines 35--44
\T2A/fjn/m/it/14.4 грам-мах со-сто-€-ний. ќс-нов-ным недо-стат-ком этой се-ман-
ти-ки €в-л€-ет-с€
 []


Underfull \hbox (badness 4217) in paragraph at lines 50--53
[][]\T2A/fjn/m/it/14.4  роме пе-ре-чис-лен-но-го, от-ме-тим, что про-грам-мы St
atemate и
 []

)
:<-
Package srcltx Info: Expanded filename `parts/1/codegen.tex' to `parts/1/codege
n.tex' on input line 18.
:<+ parts/1/codegen.tex
(X:\Dropbox\SGM\latex\main\parts/1/codegen.tex [6]
LaTeX Font Info:    Try loading font information for T2A+fcr on input line 23.
LaTeX Font Info:    No file T2Afcr.fd. on input line 23.


LaTeX Font Warning: Font shape `T2A/fcr/m/n' undefined
(Font)              using `T2A/cmr/m/n' instead on input line 23.


LaTeX Font Warning: Font shape `T2A/fcr/bx/n' undefined
(Font)              using `T2A/fcr/m/n' instead on input line 25.

[7])
:<-
Package srcltx Info: Expanded filename `parts/1/pattern.tex' to `parts/1/patter
n.tex' on input line 19.
:<+ parts/1/pattern.tex
(X:\Dropbox\SGM\latex\main\parts/1/pattern.tex)
:<-
)
:<-
Package srcltx Info: Expanded filename `parts/chapter2.tex' to `parts/chapter2.
tex' on input line 181.
:<+ parts/chapter2.tex
(X:\Dropbox\SGM\latex\main\parts/chapter2.tex [8] [9]
\IeC {\CYRG }\IeC {\cyrl }\IeC {\cyra }\IeC {\cyrv }\IeC {\cyra } 2.
Package srcltx Info: Expanded filename `parts/2/model.tex' to `parts/2/model.te
x' on input line 10.
:<+ parts/2/model.tex
(X:\Dropbox\SGM\latex\main\parts/2/model.tex [10

]

LaTeX Warning: File `pic/states.1' not found on input line 31.


! LaTeX Error: File `pic/states.1' not found.

See the LaTeX manual or LaTeX Companion for explanation.
Type  H <return>  for immediate help.
 ...                                              
                                                  
l.31 ...enterline{ \includegraphics{pic/states.1}}
                                                  
? R
OK, entering \nonstopmode...

! LaTeX Error: Cannot determine size of graphic in pic/states.1 (no BoundingBox
).

See the LaTeX manual or LaTeX Companion for explanation.
Type  H <return>  for immediate help.
 ...                                              
                                                  
l.31 ...enterline{ \includegraphics{pic/states.1}}
                                                  
Try typing  <return>  to proceed.
If that doesn't work, type  X <return>  to quit.

File: pic/states.1 Graphic file (type eps)
<pic/states.1>

LaTeX Warning: File `pic/states.2' not found on input line 45.


! LaTeX Error: File `pic/states.2' not found.

See the LaTeX manual or LaTeX Companion for explanation.
Type  H <return>  for immediate help.
 ...                                              
                                                  
l.45 ...enterline{ \includegraphics{pic/states.2}}
                                                  
Try typing  <return>  to proceed.
If that doesn't work, type  X <return>  to quit.


! LaTeX Error: Cannot determine size of graphic in pic/states.2 (no BoundingBox
).

See the LaTeX manual or LaTeX Companion for explanation.
Type  H <return>  for immediate help.
 ...                                              
                                                  
l.45 ...enterline{ \includegraphics{pic/states.2}}
                                                  
Try typing  <return>  to proceed.
If that doesn't work, type  X <return>  to quit.

File: pic/states.2 Graphic file (type eps)
<pic/states.2>
Underfull \hbox (badness 1558) in paragraph at lines 51--57
[][]\T2A/fcr/bx/n/14.4 AND-состо€ние --- это со-сто-€-ние, объ-еди-н€-ю-щее нес
коль-ко OR-
 []

[11]

LaTeX Warning: File `pic/states.3' not found on input line 59.


! LaTeX Error: File `pic/states.3' not found.

See the LaTeX manual or LaTeX Companion for explanation.
Type  H <return>  for immediate help.
 ...                                              
                                                  
l.59 ...enterline{ \includegraphics{pic/states.3}}
                                                  
Try typing  <return>  to proceed.
If that doesn't work, type  X <return>  to quit.


! LaTeX Error: Cannot determine size of graphic in pic/states.3 (no BoundingBox
).

See the LaTeX manual or LaTeX Companion for explanation.
Type  H <return>  for immediate help.
 ...                                              
                                                  
l.59 ...enterline{ \includegraphics{pic/states.3}}
                                                  
Try typing  <return>  to proceed.
If that doesn't work, type  X <return>  to quit.

File: pic/states.3 Graphic file (type eps)
<pic/states.3>

LaTeX Warning: File `pic/tree.1' not found on input line 76.


! LaTeX Error: File `pic/tree.1' not found.

See the LaTeX manual or LaTeX Companion for explanation.
Type  H <return>  for immediate help.
 ...                                              
                                                  
l.76 ...\centerline{ \includegraphics{pic/tree.1}}
                                                  
Try typing  <return>  to proceed.
If that doesn't work, type  X <return>  to quit.


! LaTeX Error: Cannot determine size of graphic in pic/tree.1 (no BoundingBox).


See the LaTeX manual or LaTeX Companion for explanation.
Type  H <return>  for immediate help.
 ...                                              
                                                  
l.76 ...\centerline{ \includegraphics{pic/tree.1}}
                                                  
Try typing  <return>  to proceed.
If that doesn't work, type  X <return>  to quit.

File: pic/tree.1 Graphic file (type eps)
<pic/tree.1> [12] [13]

LaTeX Warning: File `pic/transitions.1' not found on input line 116.


! LaTeX Error: File `pic/transitions.1' not found.

See the LaTeX manual or LaTeX Companion for explanation.
Type  H <return>  for immediate help.
 ...                                              
                                                  
l.116 ...ine{ \includegraphics{pic/transitions.1}}
                                                  
Try typing  <return>  to proceed.
If that doesn't work, type  X <return>  to quit.


! LaTeX Error: Cannot determine size of graphic in pic/transitions.1 (no Boundi
ngBox).

See the LaTeX manual or LaTeX Companion for explanation.
Type  H <return>  for immediate help.
 ...                                              
                                                  
l.116 ...ine{ \includegraphics{pic/transitions.1}}
                                                  
Try typing  <return>  to proceed.
If that doesn't work, type  X <return>  to quit.

File: pic/transitions.1 Graphic file (type eps)
<pic/transitions.1> [14])
:<-
Package srcltx Info: Expanded filename `parts/2/behavior.tex' to `parts/2/behav
ior.tex' on input line 11.
:<+ parts/2/behavior.tex
(X:\Dropbox\SGM\latex\main\parts/2/behavior.tex

LaTeX Warning: File `pic/performTransition.1' not found on input line 49.


! LaTeX Error: File `pic/performTransition.1' not found.

See the LaTeX manual or LaTeX Companion for explanation.
Type  H <return>  for immediate help.
 ...                                              
                                                  
l.49   }
        
Try typing  <return>  to proceed.
If that doesn't work, type  X <return>  to quit.


! LaTeX Error: Cannot determine size of graphic in pic/performTransition.1 (no 
BoundingBox).

See the LaTeX manual or LaTeX Companion for explanation.
Type  H <return>  for immediate help.
 ...                                              
                                                  
l.49   }
        
Try typing  <return>  to proceed.
If that doesn't work, type  X <return>  to quit.

File: pic/performTransition.1 Graphic file (type eps)
<pic/performTransition.1>

LaTeX Warning: File `pic/performTransition.2' not found on input line 49.


! LaTeX Error: File `pic/performTransition.2' not found.

See the LaTeX manual or LaTeX Companion for explanation.
Type  H <return>  for immediate help.
 ...                                              
                                                  
l.49   }
        
Try typing  <return>  to proceed.
If that doesn't work, type  X <return>  to quit.


! LaTeX Error: Cannot determine size of graphic in pic/performTransition.2 (no 
BoundingBox).

See the LaTeX manual or LaTeX Companion for explanation.
Type  H <return>  for immediate help.
 ...                                              
                                                  
l.49   }
        
Try typing  <return>  to proceed.
If that doesn't work, type  X <return>  to quit.

File: pic/performTransition.2 Graphic file (type eps)
<pic/performTransition.2>

LaTeX Warning: File `pic/performTransition.3' not found on input line 49.


! LaTeX Error: File `pic/performTransition.3' not found.

See the LaTeX manual or LaTeX Companion for explanation.
Type  H <return>  for immediate help.
 ...                                              
                                                  
l.49   }
        
Try typing  <return>  to proceed.
If that doesn't work, type  X <return>  to quit.


! LaTeX Error: Cannot determine size of graphic in pic/performTransition.3 (no 
BoundingBox).

See the LaTeX manual or LaTeX Companion for explanation.
Type  H <return>  for immediate help.
 ...                                              
                                                  
l.49   }
        
Try typing  <return>  to proceed.
If that doesn't work, type  X <return>  to quit.

File: pic/performTransition.3 Graphic file (type eps)
<pic/performTransition.3>

LaTeX Warning: File `pic/performTransition.4' not found on input line 49.


! LaTeX Error: File `pic/performTransition.4' not found.

See the LaTeX manual or LaTeX Companion for explanation.
Type  H <return>  for immediate help.
 ...                                              
                                                  
l.49   }
        
Try typing  <return>  to proceed.
If that doesn't work, type  X <return>  to quit.


! LaTeX Error: Cannot determine size of graphic in pic/performTransition.4 (no 
BoundingBox).

See the LaTeX manual or LaTeX Companion for explanation.
Type  H <return>  for immediate help.
 ...                                              
                                                  
l.49   }
        
Try typing  <return>  to proceed.
If that doesn't work, type  X <return>  to quit.

File: pic/performTransition.4 Graphic file (type eps)
<pic/performTransition.4> [15]

LaTeX Font Warning: Font shape `T2A/fjn/m/sl' undefined
(Font)              using `T2A/fjn/m/n' instead on input line 103.

[16] [17] [18] [19]

LaTeX Warning: File `pic/system_example.1' not found on input line 255.


! LaTeX Error: File `pic/system_example.1' not found.

See the LaTeX manual or LaTeX Companion for explanation.
Type  H <return>  for immediate help.
 ...                                              
                                                  
l.255 ...нированна€ система}{deterministic_system}
                                                  
Try typing  <return>  to proceed.
If that doesn't work, type  X <return>  to quit.


! LaTeX Error: Cannot determine size of graphic in pic/system_example.1 (no Bou
ndingBox).

See the LaTeX manual or LaTeX Companion for explanation.
Type  H <return>  for immediate help.
 ...                                              
                                                  
l.255 ...нированна€ система}{deterministic_system}
                                                  
Try typing  <return>  to proceed.
If that doesn't work, type  X <return>  to quit.

File: pic/system_example.1 Graphic file (type eps)
<pic/system_example.1>

LaTeX Warning: File `pic/system_example.2' not found on input line 260.


! LaTeX Error: File `pic/system_example.2' not found.

See the LaTeX manual or LaTeX Companion for explanation.
Type  H <return>  for immediate help.
 ...                                              
                                                  
l.260 ...темы зависит от действий}{special_system}
                                                  
Try typing  <return>  to proceed.
If that doesn't work, type  X <return>  to quit.


! LaTeX Error: Cannot determine size of graphic in pic/system_example.2 (no Bou
ndingBox).

See the LaTeX manual or LaTeX Companion for explanation.
Type  H <return>  for immediate help.
 ...                                              
                                                  
l.260 ...темы зависит от действий}{special_system}
                                                  
Try typing  <return>  to proceed.
If that doesn't work, type  X <return>  to quit.

File: pic/system_example.2 Graphic file (type eps)
<pic/system_example.2> [20]

LaTeX Warning: File `pic/system_example.3' not found on input line 286.


! LaTeX Error: File `pic/system_example.3' not found.

See the LaTeX manual or LaTeX Companion for explanation.
Type  H <return>  for immediate help.
 ...                                              
                                                  
l.286 ...ованной системы}{nondeterministic_system}
                                                  
Try typing  <return>  to proceed.
If that doesn't work, type  X <return>  to quit.


! LaTeX Error: Cannot determine size of graphic in pic/system_example.3 (no Bou
ndingBox).

See the LaTeX manual or LaTeX Companion for explanation.
Type  H <return>  for immediate help.
 ...                                              
                                                  
l.286 ...ованной системы}{nondeterministic_system}
                                                  
Try typing  <return>  to proceed.
If that doesn't work, type  X <return>  to quit.

File: pic/system_example.3 Graphic file (type eps)
<pic/system_example.3>

LaTeX Warning: File `pic/system_example.4' not found on input line 293.


! LaTeX Error: File `pic/system_example.4' not found.

See the LaTeX manual or LaTeX Companion for explanation.
Type  H <return>  for immediate help.
 ...                                              
                                                  
l.293 ...а€ верси€ системы}{deterministic_version}
                                                  
Try typing  <return>  to proceed.
If that doesn't work, type  X <return>  to quit.


! LaTeX Error: Cannot determine size of graphic in pic/system_example.4 (no Bou
ndingBox).

See the LaTeX manual or LaTeX Companion for explanation.
Type  H <return>  for immediate help.
 ...                                              
                                                  
l.293 ...а€ верси€ системы}{deterministic_version}
                                                  
Try typing  <return>  to proceed.
If that doesn't work, type  X <return>  to quit.

File: pic/system_example.4 Graphic file (type eps)
<pic/system_example.4> [21]

LaTeX Warning: File `pic/condition.1' not found on input line 306.


! LaTeX Error: File `pic/condition.1' not found.

See the LaTeX manual or LaTeX Companion for explanation.
Type  H <return>  for immediate help.
 ...                                              
                                                  
l.306 ...овное псевдососто€ние}{condition_example}
                                                  
Try typing  <return>  to proceed.
If that doesn't work, type  X <return>  to quit.


! LaTeX Error: Cannot determine size of graphic in pic/condition.1 (no Bounding
Box).

See the LaTeX manual or LaTeX Companion for explanation.
Type  H <return>  for immediate help.
 ...                                              
                                                  
l.306 ...овное псевдососто€ние}{condition_example}
                                                  
Try typing  <return>  to proceed.
If that doesn't work, type  X <return>  to quit.

File: pic/condition.1 Graphic file (type eps)
<pic/condition.1>

LaTeX Warning: File `pic/condition.2' not found on input line 310.


! LaTeX Error: File `pic/condition.2' not found.

See the LaTeX manual or LaTeX Companion for explanation.
Type  H <return>  for immediate help.
 ...                                              
                                                  
l.310 ... описанной модели}{condition_realization}
                                                  
Try typing  <return>  to proceed.
If that doesn't work, type  X <return>  to quit.


! LaTeX Error: Cannot determine size of graphic in pic/condition.2 (no Bounding
Box).

See the LaTeX manual or LaTeX Companion for explanation.
Type  H <return>  for immediate help.
 ...                                              
                                                  
l.310 ... описанной модели}{condition_realization}
                                                  
Try typing  <return>  to proceed.
If that doesn't work, type  X <return>  to quit.

File: pic/condition.2 Graphic file (type eps)
<pic/condition.2>

LaTeX Warning: File `pic/fork.1' not found on input line 315.


! LaTeX Error: File `pic/fork.1' not found.

See the LaTeX manual or LaTeX Companion for explanation.
Type  H <return>  for immediate help.
 ...                                              
                                                  
l.315 ...осто€ний, содержащей вилку}{fork_example}
                                                  
Try typing  <return>  to proceed.
If that doesn't work, type  X <return>  to quit.


! LaTeX Error: Cannot determine size of graphic in pic/fork.1 (no BoundingBox).


See the LaTeX manual or LaTeX Companion for explanation.
Type  H <return>  for immediate help.
 ...                                              
                                                  
l.315 ...осто€ний, содержащей вилку}{fork_example}
                                                  
Try typing  <return>  to proceed.
If that doesn't work, type  X <return>  to quit.

File: pic/fork.1 Graphic file (type eps)
<pic/fork.1> [22]

LaTeX Warning: File `pic/fork.2' not found on input line 319.


! LaTeX Error: File `pic/fork.2' not found.

See the LaTeX manual or LaTeX Companion for explanation.
Type  H <return>  for immediate help.
 ...                                              
                                                  
l.319 ...омощи описанной модели}{fork_realization}
                                                  
Try typing  <return>  to proceed.
If that doesn't work, type  X <return>  to quit.


! LaTeX Error: Cannot determine size of graphic in pic/fork.2 (no BoundingBox).


See the LaTeX manual or LaTeX Companion for explanation.
Type  H <return>  for immediate help.
 ...                                              
                                                  
l.319 ...омощи описанной модели}{fork_realization}
                                                  
Try typing  <return>  to proceed.
If that doesn't work, type  X <return>  to quit.

File: pic/fork.2 Graphic file (type eps)
<pic/fork.2>)
:<-
Package srcltx Info: Expanded filename `parts/2/pattern.tex' to `parts/2/patter
n.tex' on input line 12.
:<+ parts/2/pattern.tex
(X:\Dropbox\SGM\latex\main\parts/2/pattern.tex [23]
File: pic/pattern.eps Graphic file (type eps)
 <pic/pattern.eps> [24]
[25] [26])
:<-
)
:<-
Package srcltx Info: Expanded filename `parts/chapter3.tex' to `parts/chapter3.
tex' on input line 182.
:<+ parts/chapter3.tex
(X:\Dropbox\SGM\latex\main\parts/chapter3.tex [27] [28]
\IeC {\CYRG }\IeC {\cyrl }\IeC {\cyra }\IeC {\cyrv }\IeC {\cyra } 3.
Package srcltx Info: Expanded filename `parts/3/library.tex' to `parts/3/librar
y.tex' on input line 6.
:<+ parts/3/library.tex
(X:\Dropbox\SGM\latex\main\parts/3/library.tex

LaTeX Warning: No positions in optional float specifier.
               Default added (so using `tbp') on input line 23.

File: pic/OStateLibrary.eps Graphic file (type eps)
<pic/OStateLibrary.eps>

LaTeX Warning: No positions in optional float specifier.
               Default added (so using `tbp') on input line 27.

File: pic/AnnotationsAndDiscriptors.eps Graphic file (type eps)
<pic/AnnotationsAndDiscriptors.eps> [29

] [30] [31]
Underfull \hbox (badness 10000) in paragraph at lines 50--53
[][]\T2A/fcr/bx/n/14.4 в ка-че-стве клас-са [] ис-поль-зу-ет-с€ класс
 []


Underfull \hbox (badness 2828) in paragraph at lines 50--53
[]\T2A/fcr/bx/n/14.4 . Ѕла-го-да-р€ это-му, про-цесс по-стро-е-ни€ эк-зем-
 []

)
:<-
Package srcltx Info: Expanded filename `parts/3/connection.tex' to `parts/3/con
nection.tex' on input line 7.
:<+ parts/3/connection.tex
(X:\Dropbox\SGM\latex\main\parts/3/connection.tex [32]

LaTeX Warning: File `pic/connection.1' not found on input line 5.


! LaTeX Error: File `pic/connection.1' not found.

See the LaTeX manual or LaTeX Companion for explanation.
Type  H <return>  for immediate help.
 ...                                              
                                                  
l.5 ... состо€ний сетевого соединени€}{connection}
                                                  
Try typing  <return>  to proceed.
If that doesn't work, type  X <return>  to quit.


! LaTeX Error: Cannot determine size of graphic in pic/connection.1 (no Boundin
gBox).

See the LaTeX manual or LaTeX Companion for explanation.
Type  H <return>  for immediate help.
 ...                                              
                                                  
l.5 ... состо€ний сетевого соединени€}{connection}
                                                  
Try typing  <return>  to proceed.
If that doesn't work, type  X <return>  to quit.

File: pic/connection.1 Graphic file (type eps)
<pic/connection.1>
("C:\Program Files (x86)\MiKTeX 2.9\tex\latex\listings\lstlang1.sty"
File: lstlang1.sty 2004/09/05 1.3 listings language file
)

LaTeX Warning: No positions in optional float specifier.
               Default added (so using `tbp') on input line 22.

File: pic/connection.eps Graphic file (type eps)
<pic/connection.eps> [33] [34]
Underfull \hbox (badness 10000) in paragraph at lines 62--63
[][]\T2A/fcr/bx/n/14.4 “еперь ре-а-ли-зу-ем клас-сы со-сто-€-ний: [] и
 []


LaTeX Font Warning: Font shape `T2A/fcr/m/it' undefined
(Font)              using `T2A/fcr/m/n' instead on input line 99.

[35] [36])
:<-
Package srcltx Info: Expanded filename `parts/3/taiga.tex' to `parts/3/taiga.te
x' on input line 8.
:<+ parts/3/taiga.tex
(X:\Dropbox\SGM\latex\main\parts/3/taiga.tex [37]

LaTeX Warning: No positions in optional float specifier.
               Default added (so using `tbp') on input line 27.

File: pic/ComponentLifecycle.eps Graphic file (type eps)
<pic/ComponentLifecycle.eps> [38] [39])
:<-

Underfull \hbox (badness 1803) in paragraph at lines 41--9
[][]\T2A/fcr/bx/n/14.4 »сходные ко-ды раз-ра-бо-тан-ной биб-лио-те-ки при-ве-де
-ны на сай-те
 []

)
:<-
[40]
Package srcltx Info: Expanded filename `parts/conclusion.tex' to `parts/conclus
ion.tex' on input line 185.

:<+ parts/conclusion.tex
(X:\Dropbox\SGM\latex\main\parts/conclusion.tex)
:<-
:<+ thesis.bbl
(X:\Dropbox\SGM\latex\main\thesis.bbl [41]
Underfull \hbox (badness 1874) in paragraph at lines 46--49
[][]\T2A/fcr/m/it/10 ‘аулер ћ., —котт  . UML. ќсновы.  раткое руководство по ун
ифицированному €зыку
 []


Underfull \hbox (badness 3471) in paragraph at lines 58--64
\T2A/fcr/m/it/10 про-ек-ти-ро-ва-ни€ // »нформационно-управл€ющие си-сте-мы.  2
004.  Э 5.  —. 13--25.
 []


Underfull \hbox (badness 10000) in paragraph at lines 67--70
[][]\T2A/fcr/m/it/10 Adamczyk P. The an-thol-o-gy of the fi-nite state ma-chine
 de-sign pat-terns.
 []


Underfull \hbox (badness 10000) in paragraph at lines 112--114
[][]\T2A/fcr/m/it/10 I-Logix Rhap-sody: Model-Driven De-vel-op-ment Soft-ware w
ith UML 2.0.
 []


Underfull \hbox (badness 10000) in paragraph at lines 152--155
[][]\T2A/fcr/m/it/10 Visio2Switch, конвертор дл€ автоматической генерации —/—++
 кода по автоматным
 []


Underfull \hbox (badness 10000) in paragraph at lines 152--155
\T2A/fcr/m/it/10 графам, нарисованных в Vi-sio в соответствии с требовани€ми SW
ITCH-технологии.
 []

[42

])
:<-
[43] (X:\Dropbox\SGM\latex\main\thesis.aux)

LaTeX Font Warning: Some font shapes were not available, defaults substituted.

 ) 
Here is how much of TeX's memory you used:
 4935 strings out of 493922
 62852 string characters out of 3144905
 157842 words of memory out of 3000000
 8078 multiletter control sequences out of 15000+200000
 15122 words of font info for 38 fonts, out of 3000000 for 9000
 841 hyphenation exceptions out of 8191
 32i,8n,46p,1050b,1154s stack positions out of 5000i,500n,10000p,200000b,50000s

Output written on thesis.dvi (43 pages, 127356 bytes).
